<?xml version="1.0" encoding="UTF-8"?>
<coverage generated="1786354152971" clover="3.2.0">
  <project timestamp="1786354152971" name="All files">
    <metrics statements="499" coveredstatements="495" conditionals="248" coveredconditionals="234" methods="79" coveredmethods="78" elements="826" coveredelements="807" complexity="0" loc="499" ncloc="499" packages="1" files="12" classes="12"/>
    <file name="auth.js" path="/Users/piyush.bhargava/Work/Experiments/step-tracker/src/auth.js">
      <metrics statements="14" coveredstatements="12" conditionals="5" coveredconditionals="4" methods="5" coveredmethods="5"/>
      <line num="1" count="1" type="stmt"/>
      <line num="4" count="12" type="stmt"/>
      <line num="5" count="12" type="stmt"/>
      <line num="8" count="12" type="stmt"/>
      <line num="12" count="6" type="cond" truecount="2" falsecount="0"/>
      <line num="13" count="3" type="stmt"/>
      <line num="14" count="3" type="stmt"/>
      <line num="16" count="3" type="stmt"/>
      <line num="23" count="1" type="cond" truecount="1" falsecount="1"/>
      <line num="24" count="0" type="stmt"/>
      <line num="25" count="0" type="stmt"/>
      <line num="27" count="1" type="stmt"/>
      <line num="31" count="3" type="stmt"/>
      <line num="34" count="12" type="stmt"/>
    </file>
    <file name="config.js" path="/Users/piyush.bhargava/Work/Experiments/step-tracker/src/config.js">
      <metrics statements="3" coveredstatements="3" conditionals="5" coveredconditionals="5" methods="0" coveredmethods="0"/>
      <line num="1" count="5" type="stmt"/>
      <line num="4" count="5" type="cond" truecount="5" falsecount="0"/>
      <line num="5" count="3" type="stmt"/>
    </file>
    <file name="db.js" path="/Users/piyush.bhargava/Work/Experiments/step-tracker/src/db.js">
      <metrics statements="11" coveredstatements="11" conditionals="0" coveredconditionals="0" methods="2" coveredmethods="2"/>
      <line num="3" count="2" type="stmt"/>
      <line num="4" count="2" type="stmt"/>
      <line num="7" count="4" type="stmt"/>
      <line num="8" count="4" type="stmt"/>
      <line num="12" count="4" type="stmt"/>
      <line num="16" count="7" type="stmt"/>
      <line num="17" count="7" type="stmt"/>
      <line num="18" count="4" type="stmt"/>
      <line num="19" count="3" type="stmt"/>
      <line num="21" count="4" type="stmt"/>
      <line num="22" count="4" type="stmt"/>
    </file>
    <file name="goal.js" path="/Users/piyush.bhargava/Work/Experiments/step-tracker/src/goal.js">
      <metrics statements="33" coveredstatements="33" conditionals="19" coveredconditionals="19" methods="6" coveredmethods="6"/>
      <line num="7" count="1" type="stmt"/>
      <line num="8" count="1" type="stmt"/>
      <line num="9" count="1" type="stmt"/>
      <line num="10" count="1" type="stmt"/>
      <line num="11" count="1" type="stmt"/>
      <line num="22" count="17" type="stmt"/>
      <line num="23" count="17" type="stmt"/>
      <line num="24" count="17" type="stmt"/>
      <line num="25" count="17" type="stmt"/>
      <line num="26" count="17" type="stmt"/>
      <line num="35" count="8" type="cond" truecount="4" falsecount="0"/>
      <line num="36" count="5" type="cond" truecount="4" falsecount="0"/>
      <line num="37" count="3" type="cond" truecount="4" falsecount="0"/>
      <line num="38" count="1" type="stmt"/>
      <line num="46" count="8" type="stmt"/>
      <line num="70" count="9" type="stmt"/>
      <line num="71" count="9" type="stmt"/>
      <line num="73" count="1" type="stmt"/>
      <line num="74" count="1" type="stmt"/>
      <line num="77" count="8" type="cond" truecount="2" falsecount="0"/>
      <line num="78" count="1" type="stmt"/>
      <line num="82" count="7" type="stmt"/>
      <line num="83" count="7" type="stmt"/>
      <line num="84" count="7" type="stmt"/>
      <line num="86" count="1" type="stmt"/>
      <line num="88" count="7" type="stmt"/>
      <line num="100" count="11" type="cond" truecount="4" falsecount="0"/>
      <line num="101" count="5" type="stmt"/>
      <line num="106" count="6" type="stmt"/>
      <line num="113" count="6" type="stmt"/>
      <line num="114" count="6" type="stmt"/>
      <line num="116" count="1" type="stmt"/>
      <line num="121" count="20" type="stmt"/>
    </file>
    <file name="main.js" path="/Users/piyush.bhargava/Work/Experiments/step-tracker/src/main.js">
      <metrics statements="30" coveredstatements="28" conditionals="11" coveredconditionals="8" methods="4" coveredmethods="3"/>
      <line num="16" count="25" type="stmt"/>
      <line num="19" count="25" type="stmt"/>
      <line num="22" count="25" type="stmt"/>
      <line num="23" count="25" type="stmt"/>
      <line num="24" count="25" type="stmt"/>
      <line num="26" count="5" type="stmt"/>
      <line num="30" count="25" type="stmt"/>
      <line num="31" count="25" type="stmt"/>
      <line num="33" count="0" type="stmt"/>
      <line num="37" count="25" type="stmt"/>
      <line num="38" count="25" type="stmt"/>
      <line num="41" count="25" type="stmt"/>
      <line num="44" count="25" type="stmt"/>
      <line num="45" count="25" type="stmt"/>
      <line num="48" count="25" type="stmt"/>
      <line num="49" count="25" type="cond" truecount="1" falsecount="1"/>
      <line num="50" count="25" type="stmt"/>
      <line num="54" count="25" type="stmt"/>
      <line num="55" count="25" type="cond" truecount="2" falsecount="0"/>
      <line num="56" count="23" type="stmt"/>
      <line num="57" count="3" type="stmt"/>
      <line num="58" count="3" type="stmt"/>
      <line num="63" count="25" type="stmt"/>
      <line num="64" count="25" type="cond" truecount="1" falsecount="1"/>
      <line num="65" count="25" type="stmt"/>
      <line num="69" count="25" type="stmt"/>
      <line num="70" count="25" type="stmt"/>
      <line num="72" count="1" type="stmt"/>
      <line num="78" count="1" type="cond" truecount="3" falsecount="1"/>
      <line num="79" count="0" type="stmt"/>
    </file>
    <file name="progress-ui.js" path="/Users/piyush.bhargava/Work/Experiments/step-tracker/src/progress-ui.js">
      <metrics statements="108" coveredstatements="108" conditionals="30" coveredconditionals="24" methods="5" coveredmethods="5"/>
      <line num="43" count="52" type="stmt"/>
      <line num="45" count="52" type="cond" truecount="2" falsecount="0"/>
      <line num="48" count="52" type="cond" truecount="2" falsecount="0"/>
      <line num="52" count="52" type="stmt"/>
      <line num="53" count="52" type="stmt"/>
      <line num="54" count="52" type="stmt"/>
      <line num="57" count="52" type="stmt"/>
      <line num="58" count="52" type="stmt"/>
      <line num="59" count="52" type="stmt"/>
      <line num="62" count="52" type="stmt"/>
      <line num="65" count="52" type="stmt"/>
      <line num="66" count="52" type="stmt"/>
      <line num="68" count="52" type="stmt"/>
      <line num="69" count="52" type="stmt"/>
      <line num="70" count="52" type="stmt"/>
      <line num="73" count="52" type="stmt"/>
      <line num="75" count="52" type="stmt"/>
      <line num="76" count="52" type="stmt"/>
      <line num="77" count="52" type="stmt"/>
      <line num="79" count="52" type="stmt"/>
      <line num="81" count="52" type="stmt"/>
      <line num="84" count="52" type="stmt"/>
      <line num="85" count="52" type="stmt"/>
      <line num="87" count="52" type="stmt"/>
      <line num="88" count="52" type="cond" truecount="2" falsecount="0"/>
      <line num="89" count="52" type="stmt"/>
      <line num="90" count="52" type="stmt"/>
      <line num="91" count="52" type="stmt"/>
      <line num="92" count="52" type="stmt"/>
      <line num="93" count="52" type="cond" truecount="2" falsecount="0"/>
      <line num="94" count="46" type="stmt"/>
      <line num="96" count="52" type="stmt"/>
      <line num="97" count="52" type="stmt"/>
      <line num="99" count="52" type="cond" truecount="2" falsecount="0"/>
      <line num="101" count="6" type="stmt"/>
      <line num="102" count="6" type="stmt"/>
      <line num="103" count="6" type="stmt"/>
      <line num="104" count="6" type="stmt"/>
      <line num="107" count="46" type="stmt"/>
      <line num="108" count="46" type="stmt"/>
      <line num="109" count="46" type="stmt"/>
      <line num="111" count="46" type="stmt"/>
      <line num="114" count="52" type="stmt"/>
      <line num="124" count="54" type="stmt"/>
      <line num="125" count="54" type="cond" truecount="2" falsecount="0"/>
      <line num="126" count="2" type="stmt"/>
      <line num="127" count="2" type="stmt"/>
      <line num="131" count="52" type="stmt"/>
      <line num="132" count="52" type="stmt"/>
      <line num="136" count="48" type="stmt"/>
      <line num="138" count="4" type="stmt"/>
      <line num="139" count="4" type="stmt"/>
      <line num="141" count="4" type="stmt"/>
      <line num="145" count="52" type="stmt"/>
      <line num="146" count="54" type="stmt"/>
      <line num="148" count="54" type="stmt"/>
      <line num="149" count="54" type="stmt"/>
      <line num="151" count="54" type="stmt"/>
      <line num="152" count="54" type="stmt"/>
      <line num="160" count="52" type="stmt"/>
      <line num="162" count="52" type="stmt"/>
      <line num="163" count="52" type="stmt"/>
      <line num="164" count="52" type="stmt"/>
      <line num="167" count="52" type="stmt"/>
      <line num="168" count="52" type="stmt"/>
      <line num="169" count="208" type="stmt"/>
      <line num="170" count="208" type="stmt"/>
      <line num="171" count="208" type="stmt"/>
      <line num="172" count="208" type="stmt"/>
      <line num="173" count="208" type="stmt"/>
      <line num="177" count="52" type="stmt"/>
      <line num="178" count="52" type="stmt"/>
      <line num="179" count="52" type="stmt"/>
      <line num="180" count="52" type="stmt"/>
      <line num="181" count="52" type="stmt"/>
      <line num="182" count="52" type="stmt"/>
      <line num="185" count="52" type="stmt"/>
      <line num="186" count="52" type="stmt"/>
      <line num="187" count="52" type="stmt"/>
      <line num="188" count="52" type="stmt"/>
      <line num="189" count="52" type="stmt"/>
      <line num="192" count="52" type="stmt"/>
      <line num="193" count="52" type="stmt"/>
      <line num="194" count="52" type="stmt"/>
      <line num="197" count="52" type="stmt"/>
      <line num="198" count="15" type="stmt"/>
      <line num="199" count="15" type="cond" truecount="2" falsecount="0"/>
      <line num="200" count="7" type="stmt"/>
      <line num="201" count="7" type="stmt"/>
      <line num="202" count="6" type="stmt"/>
      <line num="204" count="1" type="stmt"/>
      <line num="205" count="1" type="cond" truecount="1" falsecount="1"/>
      <line num="207" count="7" type="stmt"/>
      <line num="209" count="8" type="cond" truecount="1" falsecount="1"/>
      <line num="210" count="8" type="stmt"/>
      <line num="211" count="8" type="cond" truecount="1" falsecount="1"/>
      <line num="212" count="8" type="stmt"/>
      <line num="213" count="8" type="cond" truecount="4" falsecount="0"/>
      <line num="214" count="6" type="cond" truecount="1" falsecount="1"/>
      <line num="215" count="6" type="stmt"/>
      <line num="217" count="2" type="cond" truecount="1" falsecount="1"/>
      <line num="218" count="2" type="stmt"/>
      <line num="219" count="2" type="stmt"/>
      <line num="220" count="1" type="stmt"/>
      <line num="222" count="1" type="stmt"/>
      <line num="223" count="1" type="cond" truecount="1" falsecount="1"/>
      <line num="228" count="52" type="stmt"/>
      <line num="231" count="44" type="stmt"/>
    </file>
    <file name="progress.js" path="/Users/piyush.bhargava/Work/Experiments/step-tracker/src/progress.js">
      <metrics statements="26" coveredstatements="26" conditionals="25" coveredconditionals="24" methods="3" coveredmethods="3"/>
      <line num="8" count="2" type="stmt"/>
      <line num="9" count="2" type="stmt"/>
      <line num="10" count="2" type="stmt"/>
      <line num="21" count="59" type="stmt"/>
      <line num="22" count="59" type="stmt"/>
      <line num="23" count="59" type="stmt"/>
      <line num="24" count="59" type="stmt"/>
      <line num="25" count="59" type="stmt"/>
      <line num="36" count="56" type="stmt"/>
      <line num="56" count="69" type="cond" truecount="4" falsecount="0"/>
      <line num="59" count="69" type="cond" truecount="4" falsecount="0"/>
      <line num="64" count="69" type="cond" truecount="2" falsecount="0"/>
      <line num="65" count="69" type="cond" truecount="2" falsecount="0"/>
      <line num="69" count="69" type="stmt"/>
      <line num="70" count="69" type="stmt"/>
      <line num="71" count="69" type="cond" truecount="2" falsecount="0"/>
      <line num="73" count="69" type="cond" truecount="2" falsecount="0"/>
      <line num="74" count="69" type="cond" truecount="4" falsecount="0"/>
      <line num="77" count="69" type="cond" truecount="2" falsecount="0"/>
      <line num="78" count="1" type="stmt"/>
      <line num="91" count="68" type="stmt"/>
      <line num="92" count="68" type="stmt"/>
      <line num="93" count="68" type="stmt"/>
      <line num="94" count="68" type="stmt"/>
      <line num="95" count="68" type="stmt"/>
      <line num="97" count="68" type="stmt"/>
    </file>
    <file name="steps.fixtures.js" path="/Users/piyush.bhargava/Work/Experiments/step-tracker/src/steps.fixtures.js">
      <metrics statements="23" coveredstatements="23" conditionals="9" coveredconditionals="8" methods="18" coveredmethods="18"/>
      <line num="20" count="22" type="stmt"/>
      <line num="21" count="11" type="stmt"/>
      <line num="22" count="11" type="stmt"/>
      <line num="23" count="584" type="stmt"/>
      <line num="24" count="11" type="stmt"/>
      <line num="27" count="12" type="cond" truecount="2" falsecount="0"/>
      <line num="30" count="1" type="stmt"/>
      <line num="34" count="34" type="stmt"/>
      <line num="35" count="22" type="stmt"/>
      <line num="37" count="12" type="stmt"/>
      <line num="38" count="12" type="stmt"/>
      <line num="41" count="150" type="stmt"/>
      <line num="43" count="148" type="stmt"/>
      <line num="46" count="148" type="stmt"/>
      <line num="62" count="15" type="stmt"/>
      <line num="63" count="34" type="stmt"/>
      <line num="64" count="15" type="stmt"/>
      <line num="65" count="15" type="stmt"/>
      <line num="78" count="900" type="stmt"/>
      <line num="88" count="22" type="stmt"/>
      <line num="106" count="29" type="stmt"/>
      <line num="115" count="22" type="stmt"/>
      <line num="116" count="22" type="cond" truecount="1" falsecount="1"/>
    </file>
    <file name="steps.js" path="/Users/piyush.bhargava/Work/Experiments/step-tracker/src/steps.js">
      <metrics statements="215" coveredstatements="215" conditionals="124" coveredconditionals="123" methods="27" coveredmethods="27"/>
      <line num="21" count="1" type="stmt"/>
      <line num="24" count="1" type="stmt"/>
      <line num="27" count="1" type="stmt"/>
      <line num="33" count="1" type="stmt"/>
      <line num="36" count="1" type="stmt"/>
      <line num="39" count="1" type="stmt"/>
      <line num="42" count="1" type="stmt"/>
      <line num="48" count="1" type="stmt"/>
      <line num="51" count="1" type="stmt"/>
      <line num="54" count="1" type="stmt"/>
      <line num="57" count="1" type="stmt"/>
      <line num="60" count="1" type="stmt"/>
      <line num="64" count="1" type="stmt"/>
      <line num="67" count="1" type="stmt"/>
      <line num="68" count="1" type="stmt"/>
      <line num="74" count="1" type="stmt"/>
      <line num="77" count="1" type="stmt"/>
      <line num="80" count="1" type="stmt"/>
      <line num="81" count="1" type="stmt"/>
      <line num="82" count="1" type="stmt"/>
      <line num="83" count="1" type="stmt"/>
      <line num="88" count="1" type="stmt"/>
      <line num="91" count="1" type="stmt"/>
      <line num="94" count="1" type="stmt"/>
      <line num="97" count="1" type="stmt"/>
      <line num="100" count="1" type="stmt"/>
      <line num="119" count="2460" type="cond" truecount="2" falsecount="0"/>
      <line num="120" count="103" type="cond" truecount="2" falsecount="0"/>
      <line num="121" count="3" type="stmt"/>
      <line num="123" count="100" type="stmt"/>
      <line num="124" count="100" type="stmt"/>
      <line num="128" count="2357" type="cond" truecount="2" falsecount="0"/>
      <line num="131" count="2460" type="stmt"/>
      <line num="132" count="2460" type="stmt"/>
      <line num="147" count="1619" type="stmt"/>
      <line num="148" count="1619" type="stmt"/>
      <line num="149" count="1619" type="stmt"/>
      <line num="150" count="1619" type="stmt"/>
      <line num="162" count="3190" type="stmt"/>
      <line num="163" count="3190" type="stmt"/>
      <line num="164" count="3190" type="stmt"/>
      <line num="165" count="3190" type="stmt"/>
      <line num="166" count="3190" type="stmt"/>
      <line num="183" count="41" type="stmt"/>
      <line num="184" count="41" type="stmt"/>
      <line num="185" count="41" type="stmt"/>
      <line num="187" count="41" type="stmt"/>
      <line num="188" count="1516" type="stmt"/>
      <line num="189" count="1516" type="stmt"/>
      <line num="190" count="1516" type="stmt"/>
      <line num="192" count="1516" type="cond" truecount="2" falsecount="0"/>
      <line num="194" count="41" type="stmt"/>
      <line num="195" count="41" type="stmt"/>
      <line num="198" count="1475" type="stmt"/>
      <line num="199" count="1475" type="stmt"/>
      <line num="202" count="41" type="stmt"/>
      <line num="230" count="42" type="stmt"/>
      <line num="231" count="42" type="stmt"/>
      <line num="233" count="42" type="stmt"/>
      <line num="234" count="42" type="stmt"/>
      <line num="235" count="42" type="stmt"/>
      <line num="236" count="41" type="stmt"/>
      <line num="239" count="1" type="stmt"/>
      <line num="242" count="42" type="stmt"/>
      <line num="243" count="41" type="stmt"/>
      <line num="245" count="41" type="cond" truecount="2" falsecount="0"/>
      <line num="246" count="7" type="stmt"/>
      <line num="249" count="34" type="stmt"/>
      <line num="260" count="34" type="stmt"/>
      <line num="261" count="34" type="cond" truecount="4" falsecount="0"/>
      <line num="262" count="12" type="stmt"/>
      <line num="269" count="34" type="stmt"/>
      <line num="302" count="1073" type="stmt"/>
      <line num="305" count="1065" type="cond" truecount="2" falsecount="0"/>
      <line num="311" count="1065" type="cond" truecount="2" falsecount="0"/>
      <line num="312" count="2" type="stmt"/>
      <line num="314" count="1063" type="stmt"/>
      <line num="317" count="1063" type="cond" truecount="2" falsecount="0"/>
      <line num="320" count="1065" type="cond" truecount="2" falsecount="0"/>
      <line num="324" count="1065" type="cond" truecount="2" falsecount="0"/>
      <line num="328" count="1065" type="cond" truecount="2" falsecount="0"/>
      <line num="329" count="1065" type="stmt"/>
      <line num="330" count="750" type="cond" truecount="2" falsecount="0"/>
      <line num="334" count="1065" type="cond" truecount="2" falsecount="0"/>
      <line num="335" count="1065" type="stmt"/>
      <line num="336" count="8" type="cond" truecount="1" falsecount="1"/>
      <line num="340" count="1065" type="cond" truecount="2" falsecount="0"/>
      <line num="341" count="1065" type="cond" truecount="2" falsecount="0"/>
      <line num="345" count="1065" type="stmt"/>
      <line num="368" count="8" type="stmt"/>
      <line num="384" count="17" type="stmt"/>
      <line num="386" count="17" type="cond" truecount="3" falsecount="0"/>
      <line num="387" count="17" type="cond" truecount="2" falsecount="0"/>
      <line num="407" count="16" type="cond" truecount="2" falsecount="0"/>
      <line num="408" count="16" type="stmt"/>
      <line num="411" count="16" type="stmt"/>
      <line num="412" count="16" type="stmt"/>
      <line num="413" count="16" type="stmt"/>
      <line num="414" count="16" type="stmt"/>
      <line num="415" count="16" type="stmt"/>
      <line num="416" count="16" type="stmt"/>
      <line num="417" count="16" type="cond" truecount="2" falsecount="0"/>
      <line num="418" count="16" type="stmt"/>
      <line num="448" count="1078" type="cond" truecount="4" falsecount="0"/>
      <line num="449" count="2" type="stmt"/>
      <line num="452" count="1076" type="stmt"/>
      <line num="462" count="1076" type="stmt"/>
      <line num="463" count="14" type="stmt"/>
      <line num="465" count="1076" type="stmt"/>
      <line num="467" count="1076" type="stmt"/>
      <line num="469" count="1084" type="stmt"/>
      <line num="470" count="1084" type="stmt"/>
      <line num="480" count="4" type="stmt"/>
      <line num="483" count="1080" type="cond" truecount="2" falsecount="0"/>
      <line num="485" count="18" type="stmt"/>
      <line num="487" count="18" type="cond" truecount="2" falsecount="0"/>
      <line num="488" count="4" type="stmt"/>
      <line num="492" count="14" type="cond" truecount="3" falsecount="0"/>
      <line num="494" count="1084" type="cond" truecount="2" falsecount="0"/>
      <line num="495" count="3" type="stmt"/>
      <line num="498" count="11" type="cond" truecount="2" falsecount="0"/>
      <line num="499" count="8" type="stmt"/>
      <line num="500" count="8" type="stmt"/>
      <line num="501" count="8" type="stmt"/>
      <line num="506" count="8" type="stmt"/>
      <line num="510" count="3" type="stmt"/>
      <line num="545" count="1067" type="stmt"/>
      <line num="546" count="1067" type="stmt"/>
      <line num="547" count="1067" type="stmt"/>
      <line num="549" count="1067" type="stmt"/>
      <line num="550" count="1067" type="stmt"/>
      <line num="551" count="1062" type="stmt"/>
      <line num="553" count="1062" type="cond" truecount="2" falsecount="0"/>
      <line num="555" count="1051" type="stmt"/>
      <line num="563" count="11" type="cond" truecount="2" falsecount="0"/>
      <line num="566" count="6" type="stmt"/>
      <line num="575" count="5" type="stmt"/>
      <line num="585" count="1067" type="stmt"/>
      <line num="604" count="14" type="stmt"/>
      <line num="605" count="14" type="stmt"/>
      <line num="606" count="14" type="cond" truecount="2" falsecount="0"/>
      <line num="607" count="13" type="cond" truecount="2" falsecount="0"/>
      <line num="608" count="11" type="stmt"/>
      <line num="611" count="2" type="stmt"/>
      <line num="628" count="5" type="stmt"/>
      <line num="629" count="5" type="stmt"/>
      <line num="630" count="4" type="cond" truecount="2" falsecount="0"/>
      <line num="631" count="2" type="stmt"/>
      <line num="633" count="1" type="stmt"/>
      <line num="634" count="1" type="stmt"/>
      <line num="656" count="9" type="cond" truecount="4" falsecount="0"/>
      <line num="657" count="2" type="cond" truecount="2" falsecount="0"/>
      <line num="658" count="2" type="stmt"/>
      <line num="661" count="7" type="stmt"/>
      <line num="662" count="7" type="stmt"/>
      <line num="664" count="7" type="cond" truecount="4" falsecount="0"/>
      <line num="665" count="1" type="stmt"/>
      <line num="667" count="6" type="cond" truecount="4" falsecount="0"/>
      <line num="668" count="1" type="stmt"/>
      <line num="670" count="5" type="cond" truecount="4" falsecount="0"/>
      <line num="671" count="3" type="stmt"/>
      <line num="677" count="2" type="stmt"/>
      <line num="698" count="33" type="stmt"/>
      <line num="719" count="33" type="stmt"/>
      <line num="720" count="33" type="cond" truecount="2" falsecount="0"/>
      <line num="721" count="4" type="stmt"/>
      <line num="722" count="4" type="stmt"/>
      <line num="726" count="29" type="cond" truecount="2" falsecount="0"/>
      <line num="729" count="27" type="stmt"/>
      <line num="730" count="27" type="stmt"/>
      <line num="731" count="33" type="cond" truecount="2" falsecount="0"/>
      <line num="732" count="26" type="stmt"/>
      <line num="733" count="26" type="stmt"/>
      <line num="738" count="27" type="stmt"/>
      <line num="739" count="27" type="stmt"/>
      <line num="741" count="27" type="stmt"/>
      <line num="743" count="27" type="stmt"/>
      <line num="744" count="29" type="stmt"/>
      <line num="746" count="26" type="cond" truecount="2" falsecount="0"/>
      <line num="747" count="9" type="stmt"/>
      <line num="753" count="26" type="stmt"/>
      <line num="754" count="26" type="stmt"/>
      <line num="755" count="26" type="stmt"/>
      <line num="756" count="29" type="stmt"/>
      <line num="757" count="29" type="stmt"/>
      <line num="758" count="1342" type="stmt"/>
      <line num="761" count="26" type="stmt"/>
      <line num="764" count="26" type="stmt"/>
      <line num="765" count="1057" type="stmt"/>
      <line num="766" count="1057" type="stmt"/>
      <line num="767" count="1057" type="stmt"/>
      <line num="768" count="1057" type="stmt"/>
      <line num="772" count="1057" type="stmt"/>
      <line num="773" count="1050" type="cond" truecount="2" falsecount="0"/>
      <line num="774" count="1057" type="stmt"/>
      <line num="775" count="1049" type="stmt"/>
      <line num="779" count="18" type="cond" truecount="2" falsecount="0"/>
      <line num="780" count="7" type="stmt"/>
      <line num="784" count="18" type="stmt"/>
      <line num="785" count="18" type="cond" truecount="2" falsecount="0"/>
      <line num="788" count="33" type="stmt"/>
      <line num="790" count="33" type="cond" truecount="5" falsecount="0"/>
      <line num="791" count="5" type="stmt"/>
      <line num="794" count="13" type="cond" truecount="4" falsecount="0"/>
      <line num="795" count="1" type="stmt"/>
      <line num="799" count="12" type="stmt"/>
      <line num="809" count="9" type="stmt"/>
      <line num="813" count="9" type="cond" truecount="3" falsecount="0"/>
      <line num="814" count="9" type="cond" truecount="3" falsecount="0"/>
      <line num="816" count="9" type="stmt"/>
      <line num="820" count="27" type="cond" truecount="2" falsecount="0"/>
      <line num="821" count="26" type="stmt"/>
      <line num="822" count="26" type="stmt"/>
      <line num="824" count="27" type="stmt"/>
      <line num="828" count="33" type="stmt"/>
    </file>
    <file name="storage.js" path="/Users/piyush.bhargava/Work/Experiments/step-tracker/src/storage.js">
      <metrics statements="10" coveredstatements="10" conditionals="5" coveredconditionals="5" methods="1" coveredmethods="1"/>
      <line num="9" count="7" type="stmt"/>
      <line num="11" count="7" type="cond" truecount="2" falsecount="0"/>
      <line num="12" count="3" type="stmt"/>
      <line num="13" count="3" type="stmt"/>
      <line num="16" count="4" type="stmt"/>
      <line num="18" count="3" type="cond" truecount="2" falsecount="0"/>
      <line num="19" count="2" type="stmt"/>
      <line num="21" count="1" type="stmt"/>
      <line num="24" count="1" type="stmt"/>
      <line num="25" count="1" type="stmt"/>
    </file>
    <file name="tabs.js" path="/Users/piyush.bhargava/Work/Experiments/step-tracker/src/tabs.js">
      <metrics statements="10" coveredstatements="10" conditionals="8" coveredconditionals="7" methods="4" coveredmethods="4"/>
      <line num="15" count="10" type="stmt"/>
      <line num="16" count="40" type="stmt"/>
      <line num="17" count="10" type="stmt"/>
      <line num="18" count="10" type="cond" truecount="1" falsecount="1"/>
      <line num="31" count="5" type="cond" truecount="2" falsecount="0"/>
      <line num="32" count="5" type="stmt"/>
      <line num="33" count="5" type="stmt"/>
      <line num="35" count="5" type="stmt"/>
      <line num="36" count="4" type="stmt"/>
      <line num="37" count="4" type="cond" truecount="2" falsecount="0"/>
    </file>
    <file name="ui-status.js" path="/Users/piyush.bhargava/Work/Experiments/step-tracker/src/ui-status.js">
      <metrics statements="16" coveredstatements="16" conditionals="7" coveredconditionals="7" methods="4" coveredmethods="4"/>
      <line num="10" count="14" type="stmt"/>
      <line num="16" count="6" type="stmt"/>
      <line num="17" count="6" type="cond" truecount="2" falsecount="0"/>
      <line num="18" count="2" type="stmt"/>
      <line num="19" count="2" type="stmt"/>
      <line num="21" count="4" type="stmt"/>
      <line num="29" count="6" type="stmt"/>
      <line num="30" count="6" type="cond" truecount="2" falsecount="0"/>
      <line num="31" count="2" type="stmt"/>
      <line num="32" count="2" type="stmt"/>
      <line num="34" count="4" type="stmt"/>
      <line num="42" count="6" type="stmt"/>
      <line num="43" count="6" type="cond" truecount="2" falsecount="0"/>
      <line num="44" count="2" type="stmt"/>
      <line num="45" count="2" type="stmt"/>
      <line num="47" count="4" type="stmt"/>
    </file>
  </project>
</coverage>
