{"/Users/piyush.bhargava/Work/Experiments/step-tracker/src/auth.js": {"path":"/Users/piyush.bhargava/Work/Experiments/step-tracker/src/auth.js","statementMap":{"0":{"start":{"line":1,"column":15},"end":{"line":1,"column":124}},"1":{"start":{"line":4,"column":20},"end":{"line":4,"column":24}},"2":{"start":{"line":5,"column":20},"end":{"line":5,"column":24}},"3":{"start":{"line":8,"column":4},"end":{"line":19,"column":null}},"4":{"start":{"line":12,"column":8},"end":{"line":17,"column":null}},"5":{"start":{"line":13,"column":10},"end":{"line":13,"column":null}},"6":{"start":{"line":14,"column":10},"end":{"line":14,"column":null}},"7":{"start":{"line":16,"column":10},"end":{"line":16,"column":null}},"8":{"start":{"line":23,"column":4},"end":{"line":26,"column":null}},"9":{"start":{"line":24,"column":6},"end":{"line":24,"column":null}},"10":{"start":{"line":25,"column":6},"end":{"line":25,"column":null}},"11":{"start":{"line":27,"column":4},"end":{"line":27,"column":null}},"12":{"start":{"line":31,"column":4},"end":{"line":31,"column":null}},"13":{"start":{"line":34,"column":2},"end":{"line":34,"column":null}}},"fnMap":{"0":{"name":"createAuth","decl":{"start":{"line":3,"column":16},"end":{"line":3,"column":26}},"loc":{"start":{"line":3,"column":59},"end":{"line":35,"column":null}},"line":3},"1":{"name":"init","decl":{"start":{"line":7,"column":11},"end":{"line":7,"column":15}},"loc":{"start":{"line":7,"column":18},"end":{"line":20,"column":null}},"line":7},"2":{"name":"callback","decl":{"start":{"line":11,"column":6},"end":{"line":11,"column":14}},"loc":{"start":{"line":11,"column":21},"end":{"line":18,"column":7}},"line":11},"3":{"name":"requestToken","decl":{"start":{"line":22,"column":11},"end":{"line":22,"column":23}},"loc":{"start":{"line":22,"column":26},"end":{"line":28,"column":null}},"line":22},"4":{"name":"getAccessToken","decl":{"start":{"line":30,"column":11},"end":{"line":30,"column":25}},"loc":{"start":{"line":30,"column":28},"end":{"line":32,"column":null}},"line":30}},"branchMap":{"0":{"loc":{"start":{"line":3,"column":45},"end":{"line":3,"column":57}},"type":"default-arg","locations":[{"start":{"line":3,"column":51},"end":{"line":3,"column":57}}],"line":3},"1":{"loc":{"start":{"line":12,"column":8},"end":{"line":17,"column":null}},"type":"if","locations":[{"start":{"line":12,"column":8},"end":{"line":17,"column":null}},{"start":{"line":15,"column":15},"end":{"line":17,"column":null}}],"line":12},"2":{"loc":{"start":{"line":23,"column":4},"end":{"line":26,"column":null}},"type":"if","locations":[{"start":{"line":23,"column":4},"end":{"line":26,"column":null}},{"start":{},"end":{}}],"line":23}},"s":{"0":1,"1":12,"2":12,"3":12,"4":6,"5":3,"6":3,"7":3,"8":1,"9":0,"10":0,"11":1,"12":3,"13":12},"f":{"0":12,"1":12,"2":6,"3":1,"4":3},"b":{"0":[12],"1":[3,3],"2":[0,1]},"meta":{"lastBranch":3,"lastFunction":5,"lastStatement":14,"seen":{"s:1:15:1:124":0,"f:3:16:3:26":0,"b:3:51:3:57":0,"s:4:20:4:24":1,"s:5:20:5:24":2,"f:7:11:7:15":1,"s:8:4:19:Infinity":3,"f:11:6:11:14":2,"b:12:8:17:Infinity:15:15:17:Infinity":1,"s:12:8:17:Infinity":4,"s:13:10:13:Infinity":5,"s:14:10:14:Infinity":6,"s:16:10:16:Infinity":7,"f:22:11:22:23":3,"b:23:4:26:Infinity:undefined:undefined:undefined:undefined":2,"s:23:4:26:Infinity":8,"s:24:6:24:Infinity":9,"s:25:6:25:Infinity":10,"s:27:4:27:Infinity":11,"f:30:11:30:25":4,"s:31:4:31:Infinity":12,"s:34:2:34:Infinity":13},"fnNames":{}}}
,"/Users/piyush.bhargava/Work/Experiments/step-tracker/src/config.js": {"path":"/Users/piyush.bhargava/Work/Experiments/step-tracker/src/config.js","statementMap":{"0":{"start":{"line":1,"column":48},"end":{"line":1,"column":null}},"1":{"start":{"line":4,"column":0},"end":{"line":8,"column":null}},"2":{"start":{"line":5,"column":2},"end":{"line":7,"column":null}}},"fnMap":{},"branchMap":{"0":{"loc":{"start":{"line":4,"column":0},"end":{"line":8,"column":null}},"type":"if","locations":[{"start":{"line":4,"column":0},"end":{"line":8,"column":null}},{"start":{},"end":{}}],"line":4},"1":{"loc":{"start":{"line":4,"column":4},"end":{"line":4,"column":76}},"type":"binary-expr","locations":[{"start":{"line":4,"column":4},"end":{"line":4,"column":14}},{"start":{"line":4,"column":19},"end":{"line":4,"column":48}},{"start":{"line":4,"column":52},"end":{"line":4,"column":75}}],"line":4}},"s":{"0":5,"1":5,"2":3},"f":{},"b":{"0":[3,2],"1":[5,3,3]},"meta":{"lastBranch":0,"lastFunction":0,"lastStatement":0,"seen":{},"fnNames":{}}}
,"/Users/piyush.bhargava/Work/Experiments/step-tracker/src/db.js": {"path":"/Users/piyush.bhargava/Work/Experiments/step-tracker/src/db.js","statementMap":{"0":{"start":{"line":3,"column":23},"end":{"line":3,"column":38}},"1":{"start":{"line":4,"column":26},"end":{"line":4,"column":27}},"2":{"start":{"line":7,"column":13},"end":{"line":7,"column":31}},"3":{"start":{"line":8,"column":2},"end":{"line":11,"column":null}},"4":{"start":{"line":12,"column":2},"end":{"line":12,"column":null}},"5":{"start":{"line":16,"column":2},"end":{"line":23,"column":null}},"6":{"start":{"line":17,"column":4},"end":{"line":17,"column":null}},"7":{"start":{"line":18,"column":18},"end":{"line":18,"column":48}},"8":{"start":{"line":19,"column":4},"end":{"line":19,"column":null}},"9":{"start":{"line":21,"column":4},"end":{"line":21,"column":null}},"10":{"start":{"line":22,"column":4},"end":{"line":22,"column":null}}},"fnMap":{"0":{"name":"createDb","decl":{"start":{"line":6,"column":16},"end":{"line":6,"column":24}},"loc":{"start":{"line":6,"column":27},"end":{"line":13,"column":null}},"line":6},"1":{"name":"initDB","decl":{"start":{"line":15,"column":22},"end":{"line":15,"column":28}},"loc":{"start":{"line":15,"column":43},"end":{"line":24,"column":null}},"line":15}},"branchMap":{},"s":{"0":2,"1":2,"2":4,"3":4,"4":4,"5":7,"6":7,"7":4,"8":3,"9":4,"10":4},"f":{"0":4,"1":7},"b":{},"meta":{"lastBranch":0,"lastFunction":2,"lastStatement":11,"seen":{"s:3:23:3:38":0,"s:4:26:4:27":1,"f:6:16:6:24":0,"s:7:13:7:31":2,"s:8:2:11:Infinity":3,"s:12:2:12:Infinity":4,"f:15:22:15:28":1,"s:16:2:23:Infinity":5,"s:17:4:17:Infinity":6,"s:18:18:18:48":7,"s:19:4:19:Infinity":8,"s:21:4:21:Infinity":9,"s:22:4:22:Infinity":10},"fnNames":{}}}
,"/Users/piyush.bhargava/Work/Experiments/step-tracker/src/goal.js": {"path":"/Users/piyush.bhargava/Work/Experiments/step-tracker/src/goal.js","statementMap":{"0":{"start":{"line":7,"column":31},"end":{"line":7,"column":44}},"1":{"start":{"line":8,"column":31},"end":{"line":8,"column":34}},"2":{"start":{"line":9,"column":27},"end":{"line":9,"column":34}},"3":{"start":{"line":10,"column":34},"end":{"line":10,"column":75}},"4":{"start":{"line":11,"column":31},"end":{"line":11,"column":44}},"5":{"start":{"line":22,"column":12},"end":{"line":22,"column":24}},"6":{"start":{"line":23,"column":12},"end":{"line":23,"column":27}},"7":{"start":{"line":24,"column":13},"end":{"line":24,"column":54}},"8":{"start":{"line":25,"column":13},"end":{"line":25,"column":49}},"9":{"start":{"line":26,"column":2},"end":{"line":26,"column":null}},"10":{"start":{"line":35,"column":2},"end":{"line":35,"column":null}},"11":{"start":{"line":35,"column":39},"end":{"line":35,"column":null}},"12":{"start":{"line":36,"column":2},"end":{"line":36,"column":null}},"13":{"start":{"line":36,"column":79},"end":{"line":36,"column":null}},"14":{"start":{"line":37,"column":2},"end":{"line":37,"column":null}},"15":{"start":{"line":37,"column":67},"end":{"line":37,"column":null}},"16":{"start":{"line":38,"column":2},"end":{"line":38,"column":null}},"17":{"start":{"line":46,"column":2},"end":{"line":51,"column":null}},"18":{"start":{"line":70,"column":4},"end":{"line":75,"column":null}},"19":{"start":{"line":71,"column":6},"end":{"line":71,"column":null}},"20":{"start":{"line":73,"column":6},"end":{"line":73,"column":null}},"21":{"start":{"line":74,"column":6},"end":{"line":74,"column":null}},"22":{"start":{"line":77,"column":4},"end":{"line":79,"column":null}},"23":{"start":{"line":78,"column":6},"end":{"line":78,"column":null}},"24":{"start":{"line":82,"column":23},"end":{"line":82,"column":40}},"25":{"start":{"line":83,"column":4},"end":{"line":87,"column":null}},"26":{"start":{"line":84,"column":6},"end":{"line":84,"column":null}},"27":{"start":{"line":86,"column":6},"end":{"line":86,"column":null}},"28":{"start":{"line":88,"column":4},"end":{"line":88,"column":null}},"29":{"start":{"line":100,"column":4},"end":{"line":104,"column":null}},"30":{"start":{"line":101,"column":6},"end":{"line":103,"column":null}},"31":{"start":{"line":106,"column":16},"end":{"line":111,"column":5}},"32":{"start":{"line":113,"column":4},"end":{"line":118,"column":null}},"33":{"start":{"line":114,"column":6},"end":{"line":114,"column":null}},"34":{"start":{"line":116,"column":6},"end":{"line":116,"column":null}},"35":{"start":{"line":121,"column":2},"end":{"line":121,"column":null}}},"fnMap":{"0":{"name":"_localDate","decl":{"start":{"line":21,"column":16},"end":{"line":21,"column":26}},"loc":{"start":{"line":21,"column":44},"end":{"line":27,"column":null}},"line":21},"1":{"name":"_isValidRow","decl":{"start":{"line":34,"column":9},"end":{"line":34,"column":20}},"loc":{"start":{"line":34,"column":26},"end":{"line":39,"column":null}},"line":34},"2":{"name":"_defaultGoalRow","decl":{"start":{"line":45,"column":9},"end":{"line":45,"column":24}},"loc":{"start":{"line":45,"column":27},"end":{"line":52,"column":null}},"line":45},"3":{"name":"createGoal","decl":{"start":{"line":60,"column":16},"end":{"line":60,"column":26}},"loc":{"start":{"line":60,"column":31},"end":{"line":122,"column":null}},"line":60},"4":{"name":"getActiveGoal","decl":{"start":{"line":68,"column":17},"end":{"line":68,"column":30}},"loc":{"start":{"line":68,"column":33},"end":{"line":89,"column":null}},"line":68},"5":{"name":"setActiveGoal","decl":{"start":{"line":99,"column":17},"end":{"line":99,"column":30}},"loc":{"start":{"line":99,"column":35},"end":{"line":119,"column":null}},"line":99}},"branchMap":{"0":{"loc":{"start":{"line":21,"column":27},"end":{"line":21,"column":42}},"type":"default-arg","locations":[{"start":{"line":21,"column":32},"end":{"line":21,"column":42}}],"line":21},"1":{"loc":{"start":{"line":35,"column":2},"end":{"line":35,"column":null}},"type":"if","locations":[{"start":{"line":35,"column":2},"end":{"line":35,"column":null}},{"start":{},"end":{}}],"line":35},"2":{"loc":{"start":{"line":35,"column":6},"end":{"line":35,"column":37}},"type":"binary-expr","locations":[{"start":{"line":35,"column":6},"end":{"line":35,"column":10}},{"start":{"line":35,"column":14},"end":{"line":35,"column":37}}],"line":35},"3":{"loc":{"start":{"line":36,"column":2},"end":{"line":36,"column":null}},"type":"if","locations":[{"start":{"line":36,"column":2},"end":{"line":36,"column":null}},{"start":{},"end":{}}],"line":36},"4":{"loc":{"start":{"line":36,"column":6},"end":{"line":36,"column":77}},"type":"binary-expr","locations":[{"start":{"line":36,"column":6},"end":{"line":36,"column":46}},{"start":{"line":36,"column":50},"end":{"line":36,"column":77}}],"line":36},"5":{"loc":{"start":{"line":37,"column":2},"end":{"line":37,"column":null}},"type":"if","locations":[{"start":{"line":37,"column":2},"end":{"line":37,"column":null}},{"start":{},"end":{}}],"line":37},"6":{"loc":{"start":{"line":37,"column":6},"end":{"line":37,"column":65}},"type":"binary-expr","locations":[{"start":{"line":37,"column":6},"end":{"line":37,"column":40}},{"start":{"line":37,"column":44},"end":{"line":37,"column":65}}],"line":37},"7":{"loc":{"start":{"line":77,"column":4},"end":{"line":79,"column":null}},"type":"if","locations":[{"start":{"line":77,"column":4},"end":{"line":79,"column":null}},{"start":{},"end":{}}],"line":77},"8":{"loc":{"start":{"line":100,"column":4},"end":{"line":104,"column":null}},"type":"if","locations":[{"start":{"line":100,"column":4},"end":{"line":104,"column":null}},{"start":{},"end":{}}],"line":100},"9":{"loc":{"start":{"line":100,"column":8},"end":{"line":100,"column":39}},"type":"binary-expr","locations":[{"start":{"line":100,"column":8},"end":{"line":100,"column":28}},{"start":{"line":100,"column":32},"end":{"line":100,"column":39}}],"line":100}},"s":{"0":1,"1":1,"2":1,"3":1,"4":1,"5":17,"6":17,"7":17,"8":17,"9":17,"10":8,"11":3,"12":5,"13":2,"14":3,"15":2,"16":1,"17":8,"18":9,"19":9,"20":1,"21":1,"22":8,"23":1,"24":7,"25":7,"26":7,"27":1,"28":7,"29":11,"30":5,"31":6,"32":6,"33":6,"34":1,"35":20},"f":{"0":17,"1":8,"2":8,"3":20,"4":9,"5":11},"b":{"0":[17],"1":[3,5],"2":[8,6],"3":[2,3],"4":[5,3],"5":[2,1],"6":[3,3],"7":[1,7],"8":[5,6],"9":[11,8]},"meta":{"lastBranch":10,"lastFunction":6,"lastStatement":36,"seen":{"s:7:31:7:44":0,"s:8:31:8:34":1,"s:9:27:9:34":2,"s:10:34:10:75":3,"s:11:31:11:44":4,"f:21:16:21:26":0,"b:21:32:21:42":0,"s:22:12:22:24":5,"s:23:12:23:27":6,"s:24:13:24:54":7,"s:25:13:25:49":8,"s:26:2:26:Infinity":9,"f:34:9:34:20":1,"b:35:2:35:Infinity:undefined:undefined:undefined:undefined":1,"s:35:2:35:Infinity":10,"b:35:6:35:10:35:14:35:37":2,"s:35:39:35:Infinity":11,"b:36:2:36:Infinity:undefined:undefined:undefined:undefined":3,"s:36:2:36:Infinity":12,"b:36:6:36:46:36:50:36:77":4,"s:36:79:36:Infinity":13,"b:37:2:37:Infinity:undefined:undefined:undefined:undefined":5,"s:37:2:37:Infinity":14,"b:37:6:37:40:37:44:37:65":6,"s:37:67:37:Infinity":15,"s:38:2:38:Infinity":16,"f:45:9:45:24":2,"s:46:2:51:Infinity":17,"f:60:16:60:26":3,"f:68:17:68:30":4,"s:70:4:75:Infinity":18,"s:71:6:71:Infinity":19,"s:73:6:73:Infinity":20,"s:74:6:74:Infinity":21,"b:77:4:79:Infinity:undefined:undefined:undefined:undefined":7,"s:77:4:79:Infinity":22,"s:78:6:78:Infinity":23,"s:82:23:82:40":24,"s:83:4:87:Infinity":25,"s:84:6:84:Infinity":26,"s:86:6:86:Infinity":27,"s:88:4:88:Infinity":28,"f:99:17:99:30":5,"b:100:4:104:Infinity:undefined:undefined:undefined:undefined":8,"s:100:4:104:Infinity":29,"b:100:8:100:28:100:32:100:39":9,"s:101:6:103:Infinity":30,"s:106:16:111:5":31,"s:113:4:118:Infinity":32,"s:114:6:114:Infinity":33,"s:116:6:116:Infinity":34,"s:121:2:121:Infinity":35},"fnNames":{}}}
,"/Users/piyush.bhargava/Work/Experiments/step-tracker/src/main.js": {"path":"/Users/piyush.bhargava/Work/Experiments/step-tracker/src/main.js","statementMap":{"0":{"start":{"line":16,"column":19},"end":{"line":16,"column":null}},"1":{"start":{"line":19,"column":17},"end":{"line":19,"column":null}},"2":{"start":{"line":22,"column":13},"end":{"line":22,"column":null}},"3":{"start":{"line":23,"column":2},"end":{"line":27,"column":null}},"4":{"start":{"line":24,"column":4},"end":{"line":24,"column":null}},"5":{"start":{"line":26,"column":4},"end":{"line":26,"column":null}},"6":{"start":{"line":30,"column":2},"end":{"line":34,"column":null}},"7":{"start":{"line":31,"column":4},"end":{"line":31,"column":null}},"8":{"start":{"line":33,"column":4},"end":{"line":33,"column":null}},"9":{"start":{"line":37,"column":15},"end":{"line":37,"column":null}},"10":{"start":{"line":38,"column":2},"end":{"line":38,"column":null}},"11":{"start":{"line":41,"column":19},"end":{"line":41,"column":null}},"12":{"start":{"line":44,"column":15},"end":{"line":44,"column":null}},"13":{"start":{"line":45,"column":21},"end":{"line":45,"column":null}},"14":{"start":{"line":48,"column":18},"end":{"line":48,"column":null}},"15":{"start":{"line":49,"column":2},"end":{"line":51,"column":null}},"16":{"start":{"line":50,"column":4},"end":{"line":50,"column":null}},"17":{"start":{"line":50,"column":44},"end":{"line":50,"column":63}},"18":{"start":{"line":54,"column":18},"end":{"line":54,"column":null}},"19":{"start":{"line":55,"column":2},"end":{"line":60,"column":null}},"20":{"start":{"line":56,"column":4},"end":{"line":59,"column":null}},"21":{"start":{"line":57,"column":6},"end":{"line":57,"column":null}},"22":{"start":{"line":58,"column":6},"end":{"line":58,"column":null}},"23":{"start":{"line":63,"column":17},"end":{"line":63,"column":null}},"24":{"start":{"line":64,"column":2},"end":{"line":66,"column":null}},"25":{"start":{"line":65,"column":4},"end":{"line":65,"column":null}},"26":{"start":{"line":69,"column":2},"end":{"line":73,"column":null}},"27":{"start":{"line":70,"column":4},"end":{"line":70,"column":null}},"28":{"start":{"line":72,"column":4},"end":{"line":72,"column":null}},"29":{"start":{"line":78,"column":0},"end":{"line":80,"column":null}},"30":{"start":{"line":79,"column":2},"end":{"line":79,"column":null}},"31":{"start":{"line":79,"column":54},"end":{"line":79,"column":65}}},"fnMap":{"0":{"name":"bootstrap","decl":{"start":{"line":14,"column":22},"end":{"line":14,"column":31}},"loc":{"start":{"line":14,"column":48},"end":{"line":74,"column":null}},"line":14},"1":{"name":"(anonymous_1)","decl":{"start":{"line":50,"column":38},"end":{"line":50,"column":39}},"loc":{"start":{"line":50,"column":44},"end":{"line":50,"column":63}},"line":50},"2":{"name":"(anonymous_2)","decl":{"start":{"line":56,"column":38},"end":{"line":56,"column":43}},"loc":{"start":{"line":56,"column":50},"end":{"line":59,"column":5}},"line":56},"3":{"name":"(anonymous_3)","decl":{"start":{"line":79,"column":48},"end":{"line":79,"column":49}},"loc":{"start":{"line":79,"column":54},"end":{"line":79,"column":65}},"line":79}},"branchMap":{"0":{"loc":{"start":{"line":14,"column":32},"end":{"line":14,"column":46}},"type":"default-arg","locations":[{"start":{"line":14,"column":38},"end":{"line":14,"column":46}}],"line":14},"1":{"loc":{"start":{"line":49,"column":2},"end":{"line":51,"column":null}},"type":"if","locations":[{"start":{"line":49,"column":2},"end":{"line":51,"column":null}},{"start":{},"end":{}}],"line":49},"2":{"loc":{"start":{"line":55,"column":2},"end":{"line":60,"column":null}},"type":"if","locations":[{"start":{"line":55,"column":2},"end":{"line":60,"column":null}},{"start":{},"end":{}}],"line":55},"3":{"loc":{"start":{"line":64,"column":2},"end":{"line":66,"column":null}},"type":"if","locations":[{"start":{"line":64,"column":2},"end":{"line":66,"column":null}},{"start":{},"end":{}}],"line":64},"4":{"loc":{"start":{"line":78,"column":0},"end":{"line":80,"column":null}},"type":"if","locations":[{"start":{"line":78,"column":0},"end":{"line":80,"column":null}},{"start":{},"end":{}}],"line":78},"5":{"loc":{"start":{"line":78,"column":4},"end":{"line":78,"column":74}},"type":"binary-expr","locations":[{"start":{"line":78,"column":4},"end":{"line":78,"column":38}},{"start":{"line":78,"column":42},"end":{"line":78,"column":74}}],"line":78}},"s":{"0":25,"1":25,"2":25,"3":25,"4":25,"5":5,"6":25,"7":25,"8":0,"9":25,"10":25,"11":25,"12":25,"13":25,"14":25,"15":25,"16":25,"17":1,"18":25,"19":25,"20":23,"21":3,"22":3,"23":25,"24":25,"25":25,"26":25,"27":25,"28":1,"29":1,"30":0,"31":0},"f":{"0":25,"1":1,"2":3,"3":0},"b":{"0":[25],"1":[25,0],"2":[23,2],"3":[25,0],"4":[0,1],"5":[1,1]},"meta":{"lastBranch":6,"lastFunction":4,"lastStatement":32,"seen":{"f:14:22:14:31":0,"b:14:38:14:46":0,"s:16:19:16:Infinity":0,"s:19:17:19:Infinity":1,"s:22:13:22:Infinity":2,"s:23:2:27:Infinity":3,"s:24:4:24:Infinity":4,"s:26:4:26:Infinity":5,"s:30:2:34:Infinity":6,"s:31:4:31:Infinity":7,"s:33:4:33:Infinity":8,"s:37:15:37:Infinity":9,"s:38:2:38:Infinity":10,"s:41:19:41:Infinity":11,"s:44:15:44:Infinity":12,"s:45:21:45:Infinity":13,"s:48:18:48:Infinity":14,"b:49:2:51:Infinity:undefined:undefined:undefined:undefined":1,"s:49:2:51:Infinity":15,"s:50:4:50:Infinity":16,"f:50:38:50:39":1,"s:50:44:50:63":17,"s:54:18:54:Infinity":18,"b:55:2:60:Infinity:undefined:undefined:undefined:undefined":2,"s:55:2:60:Infinity":19,"s:56:4:59:Infinity":20,"f:56:38:56:43":2,"s:57:6:57:Infinity":21,"s:58:6:58:Infinity":22,"s:63:17:63:Infinity":23,"b:64:2:66:Infinity:undefined:undefined:undefined:undefined":3,"s:64:2:66:Infinity":24,"s:65:4:65:Infinity":25,"s:69:2:73:Infinity":26,"s:70:4:70:Infinity":27,"s:72:4:72:Infinity":28,"b:78:0:80:Infinity:undefined:undefined:undefined:undefined":4,"s:78:0:80:Infinity":29,"b:78:4:78:38:78:42:78:74":5,"s:79:2:79:Infinity":30,"f:79:48:79:49":3,"s:79:54:79:65":31},"fnNames":{}}}
,"/Users/piyush.bhargava/Work/Experiments/step-tracker/src/progress-ui.js": {"path":"/Users/piyush.bhargava/Work/Experiments/step-tracker/src/progress-ui.js","statementMap":{"0":{"start":{"line":43,"column":8},"end":{"line":43,"column":16}},"1":{"start":{"line":45,"column":23},"end":{"line":45,"column":42}},"2":{"start":{"line":48,"column":24},"end":{"line":50,"column":39}},"3":{"start":{"line":52,"column":17},"end":{"line":52,"column":41}},"4":{"start":{"line":53,"column":4},"end":{"line":53,"column":null}},"5":{"start":{"line":54,"column":4},"end":{"line":54,"column":null}},"6":{"start":{"line":57,"column":21},"end":{"line":57,"column":45}},"7":{"start":{"line":58,"column":4},"end":{"line":58,"column":null}},"8":{"start":{"line":59,"column":4},"end":{"line":61,"column":null}},"9":{"start":{"line":62,"column":4},"end":{"line":62,"column":null}},"10":{"start":{"line":65,"column":22},"end":{"line":65,"column":46}},"11":{"start":{"line":66,"column":4},"end":{"line":66,"column":null}},"12":{"start":{"line":68,"column":24},"end":{"line":68,"column":48}},"13":{"start":{"line":69,"column":4},"end":{"line":69,"column":null}},"14":{"start":{"line":70,"column":4},"end":{"line":72,"column":null}},"15":{"start":{"line":73,"column":4},"end":{"line":73,"column":null}},"16":{"start":{"line":75,"column":22},"end":{"line":75,"column":46}},"17":{"start":{"line":76,"column":4},"end":{"line":76,"column":null}},"18":{"start":{"line":77,"column":4},"end":{"line":78,"column":null}},"19":{"start":{"line":79,"column":4},"end":{"line":79,"column":null}},"20":{"start":{"line":81,"column":4},"end":{"line":81,"column":null}},"21":{"start":{"line":84,"column":18},"end":{"line":84,"column":42}},"22":{"start":{"line":85,"column":4},"end":{"line":85,"column":null}},"23":{"start":{"line":87,"column":17},"end":{"line":87,"column":41}},"24":{"start":{"line":88,"column":4},"end":{"line":88,"column":null}},"25":{"start":{"line":89,"column":4},"end":{"line":89,"column":null}},"26":{"start":{"line":90,"column":4},"end":{"line":90,"column":null}},"27":{"start":{"line":91,"column":4},"end":{"line":91,"column":null}},"28":{"start":{"line":92,"column":4},"end":{"line":92,"column":null}},"29":{"start":{"line":93,"column":4},"end":{"line":95,"column":null}},"30":{"start":{"line":94,"column":6},"end":{"line":94,"column":null}},"31":{"start":{"line":96,"column":4},"end":{"line":96,"column":null}},"32":{"start":{"line":97,"column":4},"end":{"line":97,"column":null}},"33":{"start":{"line":99,"column":4},"end":{"line":112,"column":null}},"34":{"start":{"line":101,"column":20},"end":{"line":101,"column":44}},"35":{"start":{"line":102,"column":6},"end":{"line":102,"column":null}},"36":{"start":{"line":103,"column":6},"end":{"line":103,"column":null}},"37":{"start":{"line":104,"column":6},"end":{"line":104,"column":null}},"38":{"start":{"line":107,"column":19},"end":{"line":107,"column":43}},"39":{"start":{"line":108,"column":6},"end":{"line":108,"column":null}},"40":{"start":{"line":109,"column":6},"end":{"line":110,"column":null}},"41":{"start":{"line":111,"column":6},"end":{"line":111,"column":null}},"42":{"start":{"line":114,"column":4},"end":{"line":114,"column":null}},"43":{"start":{"line":124,"column":22},"end":{"line":124,"column":57}},"44":{"start":{"line":125,"column":4},"end":{"line":128,"column":null}},"45":{"start":{"line":126,"column":6},"end":{"line":126,"column":null}},"46":{"start":{"line":127,"column":6},"end":{"line":127,"column":null}},"47":{"start":{"line":131,"column":4},"end":{"line":142,"column":null}},"48":{"start":{"line":132,"column":40},"end":{"line":135,"column":8}},"49":{"start":{"line":136,"column":6},"end":{"line":136,"column":null}},"50":{"start":{"line":138,"column":6},"end":{"line":138,"column":null}},"51":{"start":{"line":139,"column":6},"end":{"line":139,"column":null}},"52":{"start":{"line":141,"column":6},"end":{"line":141,"column":null}},"53":{"start":{"line":145,"column":4},"end":{"line":145,"column":null}},"54":{"start":{"line":146,"column":4},"end":{"line":146,"column":null}},"55":{"start":{"line":148,"column":17},"end":{"line":148,"column":37}},"56":{"start":{"line":149,"column":4},"end":{"line":149,"column":null}},"57":{"start":{"line":151,"column":21},"end":{"line":151,"column":37}},"58":{"start":{"line":152,"column":4},"end":{"line":152,"column":null}},"59":{"start":{"line":160,"column":22},"end":{"line":160,"column":58}},"60":{"start":{"line":162,"column":22},"end":{"line":162,"column":46}},"61":{"start":{"line":163,"column":4},"end":{"line":163,"column":null}},"62":{"start":{"line":164,"column":4},"end":{"line":164,"column":null}},"63":{"start":{"line":167,"column":20},"end":{"line":167,"column":33}},"64":{"start":{"line":168,"column":4},"end":{"line":174,"column":null}},"65":{"start":{"line":169,"column":18},"end":{"line":169,"column":45}},"66":{"start":{"line":170,"column":6},"end":{"line":170,"column":null}},"67":{"start":{"line":171,"column":6},"end":{"line":171,"column":null}},"68":{"start":{"line":172,"column":6},"end":{"line":172,"column":null}},"69":{"start":{"line":173,"column":6},"end":{"line":173,"column":null}},"70":{"start":{"line":177,"column":18},"end":{"line":177,"column":44}},"71":{"start":{"line":178,"column":4},"end":{"line":178,"column":null}},"72":{"start":{"line":179,"column":4},"end":{"line":179,"column":null}},"73":{"start":{"line":180,"column":4},"end":{"line":180,"column":null}},"74":{"start":{"line":181,"column":4},"end":{"line":181,"column":null}},"75":{"start":{"line":182,"column":4},"end":{"line":182,"column":null}},"76":{"start":{"line":185,"column":21},"end":{"line":185,"column":48}},"77":{"start":{"line":186,"column":4},"end":{"line":186,"column":null}},"78":{"start":{"line":187,"column":4},"end":{"line":187,"column":null}},"79":{"start":{"line":188,"column":4},"end":{"line":188,"column":null}},"80":{"start":{"line":189,"column":4},"end":{"line":189,"column":null}},"81":{"start":{"line":192,"column":22},"end":{"line":192,"column":47}},"82":{"start":{"line":193,"column":4},"end":{"line":193,"column":null}},"83":{"start":{"line":194,"column":4},"end":{"line":194,"column":null}},"84":{"start":{"line":197,"column":4},"end":{"line":226,"column":null}},"85":{"start":{"line":198,"column":21},"end":{"line":198,"column":48}},"86":{"start":{"line":199,"column":6},"end":{"line":208,"column":null}},"87":{"start":{"line":200,"column":8},"end":{"line":206,"column":null}},"88":{"start":{"line":201,"column":10},"end":{"line":201,"column":null}},"89":{"start":{"line":202,"column":10},"end":{"line":202,"column":null}},"90":{"start":{"line":204,"column":24},"end":{"line":204,"column":56}},"91":{"start":{"line":205,"column":10},"end":{"line":205,"column":null}},"92":{"start":{"line":205,"column":21},"end":{"line":205,"column":null}},"93":{"start":{"line":207,"column":8},"end":{"line":207,"column":null}},"94":{"start":{"line":209,"column":6},"end":{"line":225,"column":null}},"95":{"start":{"line":210,"column":24},"end":{"line":210,"column":56}},"96":{"start":{"line":211,"column":18},"end":{"line":211,"column":54}},"97":{"start":{"line":212,"column":22},"end":{"line":212,"column":54}},"98":{"start":{"line":213,"column":8},"end":{"line":216,"column":null}},"99":{"start":{"line":214,"column":10},"end":{"line":214,"column":null}},"100":{"start":{"line":214,"column":21},"end":{"line":214,"column":null}},"101":{"start":{"line":215,"column":10},"end":{"line":215,"column":null}},"102":{"start":{"line":217,"column":8},"end":{"line":217,"column":null}},"103":{"start":{"line":217,"column":19},"end":{"line":217,"column":null}},"104":{"start":{"line":218,"column":8},"end":{"line":224,"column":null}},"105":{"start":{"line":219,"column":10},"end":{"line":219,"column":null}},"106":{"start":{"line":220,"column":10},"end":{"line":220,"column":null}},"107":{"start":{"line":222,"column":25},"end":{"line":222,"column":57}},"108":{"start":{"line":223,"column":10},"end":{"line":223,"column":null}},"109":{"start":{"line":223,"column":22},"end":{"line":223,"column":null}},"110":{"start":{"line":228,"column":4},"end":{"line":228,"column":null}},"111":{"start":{"line":231,"column":2},"end":{"line":231,"column":null}}},"fnMap":{"0":{"name":"createProgressUI","decl":{"start":{"line":24,"column":16},"end":{"line":24,"column":32}},"loc":{"start":{"line":24,"column":58},"end":{"line":232,"column":null}},"line":24},"1":{"name":"_buildCard","decl":{"start":{"line":32,"column":11},"end":{"line":32,"column":21}},"loc":{"start":{"line":32,"column":32},"end":{"line":115,"column":null}},"line":32},"2":{"name":"render","decl":{"start":{"line":123,"column":17},"end":{"line":123,"column":23}},"loc":{"start":{"line":123,"column":26},"end":{"line":153,"column":null}},"line":123},"3":{"name":"_buildSelector","decl":{"start":{"line":159,"column":11},"end":{"line":159,"column":25}},"loc":{"start":{"line":159,"column":28},"end":{"line":229,"column":null}},"line":159},"4":{"name":"(anonymous_4)","decl":{"start":{"line":197,"column":40},"end":{"line":197,"column":45}},"loc":{"start":{"line":197,"column":53},"end":{"line":226,"column":5}},"line":197}},"branchMap":{"0":{"loc":{"start":{"line":45,"column":23},"end":{"line":45,"column":42}},"type":"cond-expr","locations":[{"start":{"line":45,"column":33},"end":{"line":45,"column":36}},{"start":{"line":45,"column":39},"end":{"line":45,"column":42}}],"line":45},"1":{"loc":{"start":{"line":48,"column":24},"end":{"line":50,"column":39}},"type":"cond-expr","locations":[{"start":{"line":49,"column":8},"end":{"line":49,"column":null}},{"start":{"line":50,"column":8},"end":{"line":50,"column":39}}],"line":48},"2":{"loc":{"start":{"line":88,"column":21},"end":{"line":88,"column":84}},"type":"cond-expr","locations":[{"start":{"line":88,"column":31},"end":{"line":88,"column":66}},{"start":{"line":88,"column":69},"end":{"line":88,"column":84}}],"line":88},"3":{"loc":{"start":{"line":93,"column":4},"end":{"line":95,"column":null}},"type":"if","locations":[{"start":{"line":93,"column":4},"end":{"line":95,"column":null}},{"start":{},"end":{}}],"line":93},"4":{"loc":{"start":{"line":99,"column":4},"end":{"line":112,"column":null}},"type":"if","locations":[{"start":{"line":99,"column":4},"end":{"line":112,"column":null}},{"start":{"line":105,"column":11},"end":{"line":112,"column":null}}],"line":99},"5":{"loc":{"start":{"line":125,"column":4},"end":{"line":128,"column":null}},"type":"if","locations":[{"start":{"line":125,"column":4},"end":{"line":128,"column":null}},{"start":{},"end":{}}],"line":125},"6":{"loc":{"start":{"line":199,"column":6},"end":{"line":208,"column":null}},"type":"if","locations":[{"start":{"line":199,"column":6},"end":{"line":208,"column":null}},{"start":{},"end":{}}],"line":199},"7":{"loc":{"start":{"line":205,"column":10},"end":{"line":205,"column":null}},"type":"if","locations":[{"start":{"line":205,"column":10},"end":{"line":205,"column":null}},{"start":{},"end":{}}],"line":205},"8":{"loc":{"start":{"line":209,"column":6},"end":{"line":225,"column":null}},"type":"if","locations":[{"start":{"line":209,"column":6},"end":{"line":225,"column":null}},{"start":{},"end":{}}],"line":209},"9":{"loc":{"start":{"line":211,"column":25},"end":{"line":211,"column":53}},"type":"cond-expr","locations":[{"start":{"line":211,"column":35},"end":{"line":211,"column":48}},{"start":{"line":211,"column":51},"end":{"line":211,"column":53}}],"line":211},"10":{"loc":{"start":{"line":213,"column":8},"end":{"line":216,"column":null}},"type":"if","locations":[{"start":{"line":213,"column":8},"end":{"line":216,"column":null}},{"start":{},"end":{}}],"line":213},"11":{"loc":{"start":{"line":213,"column":12},"end":{"line":213,"column":41}},"type":"binary-expr","locations":[{"start":{"line":213,"column":12},"end":{"line":213,"column":31}},{"start":{"line":213,"column":35},"end":{"line":213,"column":41}}],"line":213},"12":{"loc":{"start":{"line":214,"column":10},"end":{"line":214,"column":null}},"type":"if","locations":[{"start":{"line":214,"column":10},"end":{"line":214,"column":null}},{"start":{},"end":{}}],"line":214},"13":{"loc":{"start":{"line":217,"column":8},"end":{"line":217,"column":null}},"type":"if","locations":[{"start":{"line":217,"column":8},"end":{"line":217,"column":null}},{"start":{},"end":{}}],"line":217},"14":{"loc":{"start":{"line":223,"column":10},"end":{"line":223,"column":null}},"type":"if","locations":[{"start":{"line":223,"column":10},"end":{"line":223,"column":null}},{"start":{},"end":{}}],"line":223}},"s":{"0":52,"1":52,"2":52,"3":52,"4":52,"5":52,"6":52,"7":52,"8":52,"9":52,"10":52,"11":52,"12":52,"13":52,"14":52,"15":52,"16":52,"17":52,"18":52,"19":52,"20":52,"21":52,"22":52,"23":52,"24":52,"25":52,"26":52,"27":52,"28":52,"29":52,"30":46,"31":52,"32":52,"33":52,"34":6,"35":6,"36":6,"37":6,"38":46,"39":46,"40":46,"41":46,"42":52,"43":54,"44":54,"45":2,"46":2,"47":52,"48":52,"49":48,"50":4,"51":4,"52":4,"53":52,"54":54,"55":54,"56":54,"57":54,"58":54,"59":52,"60":52,"61":52,"62":52,"63":52,"64":52,"65":208,"66":208,"67":208,"68":208,"69":208,"70":52,"71":52,"72":52,"73":52,"74":52,"75":52,"76":52,"77":52,"78":52,"79":52,"80":52,"81":52,"82":52,"83":52,"84":52,"85":15,"86":15,"87":7,"88":7,"89":6,"90":1,"91":1,"92":1,"93":7,"94":8,"95":8,"96":8,"97":8,"98":8,"99":6,"100":6,"101":6,"102":2,"103":2,"104":2,"105":2,"106":1,"107":1,"108":1,"109":1,"110":52,"111":44},"f":{"0":44,"1":52,"2":54,"3":52,"4":15},"b":{"0":[6,46],"1":[7,45],"2":[6,46],"3":[46,6],"4":[6,46],"5":[2,52],"6":[7,8],"7":[1,0],"8":[8,0],"9":[8,0],"10":[6,2],"11":[8,8],"12":[6,0],"13":[2,0],"14":[1,0]},"meta":{"lastBranch":15,"lastFunction":5,"lastStatement":112,"seen":{"f:24:16:24:32":0,"f:32:11:32:21":1,"s:43:8:43:16":0,"s:45:23:45:42":1,"b:45:33:45:36:45:39:45:42":0,"s:48:24:50:39":2,"b:49:8:49:Infinity:50:8:50:39":1,"s:52:17:52:41":3,"s:53:4:53:Infinity":4,"s:54:4:54:Infinity":5,"s:57:21:57:45":6,"s:58:4:58:Infinity":7,"s:59:4:61:Infinity":8,"s:62:4:62:Infinity":9,"s:65:22:65:46":10,"s:66:4:66:Infinity":11,"s:68:24:68:48":12,"s:69:4:69:Infinity":13,"s:70:4:72:Infinity":14,"s:73:4:73:Infinity":15,"s:75:22:75:46":16,"s:76:4:76:Infinity":17,"s:77:4:78:Infinity":18,"s:79:4:79:Infinity":19,"s:81:4:81:Infinity":20,"s:84:18:84:42":21,"s:85:4:85:Infinity":22,"s:87:17:87:41":23,"s:88:4:88:Infinity":24,"b:88:31:88:66:88:69:88:84":2,"s:89:4:89:Infinity":25,"s:90:4:90:Infinity":26,"s:91:4:91:Infinity":27,"s:92:4:92:Infinity":28,"b:93:4:95:Infinity:undefined:undefined:undefined:undefined":3,"s:93:4:95:Infinity":29,"s:94:6:94:Infinity":30,"s:96:4:96:Infinity":31,"s:97:4:97:Infinity":32,"b:99:4:112:Infinity:105:11:112:Infinity":4,"s:99:4:112:Infinity":33,"s:101:20:101:44":34,"s:102:6:102:Infinity":35,"s:103:6:103:Infinity":36,"s:104:6:104:Infinity":37,"s:107:19:107:43":38,"s:108:6:108:Infinity":39,"s:109:6:110:Infinity":40,"s:111:6:111:Infinity":41,"s:114:4:114:Infinity":42,"f:123:17:123:23":2,"s:124:22:124:57":43,"b:125:4:128:Infinity:undefined:undefined:undefined:undefined":5,"s:125:4:128:Infinity":44,"s:126:6:126:Infinity":45,"s:127:6:127:Infinity":46,"s:131:4:142:Infinity":47,"s:132:40:135:8":48,"s:136:6:136:Infinity":49,"s:138:6:138:Infinity":50,"s:139:6:139:Infinity":51,"s:141:6:141:Infinity":52,"s:145:4:145:Infinity":53,"s:146:4:146:Infinity":54,"s:148:17:148:37":55,"s:149:4:149:Infinity":56,"s:151:21:151:37":57,"s:152:4:152:Infinity":58,"f:159:11:159:25":3,"s:160:22:160:58":59,"s:162:22:162:46":60,"s:163:4:163:Infinity":61,"s:164:4:164:Infinity":62,"s:167:20:167:33":63,"s:168:4:174:Infinity":64,"s:169:18:169:45":65,"s:170:6:170:Infinity":66,"s:171:6:171:Infinity":67,"s:172:6:172:Infinity":68,"s:173:6:173:Infinity":69,"s:177:18:177:44":70,"s:178:4:178:Infinity":71,"s:179:4:179:Infinity":72,"s:180:4:180:Infinity":73,"s:181:4:181:Infinity":74,"s:182:4:182:Infinity":75,"s:185:21:185:48":76,"s:186:4:186:Infinity":77,"s:187:4:187:Infinity":78,"s:188:4:188:Infinity":79,"s:189:4:189:Infinity":80,"s:192:22:192:47":81,"s:193:4:193:Infinity":82,"s:194:4:194:Infinity":83,"s:197:4:226:Infinity":84,"f:197:40:197:45":4,"s:198:21:198:48":85,"b:199:6:208:Infinity:undefined:undefined:undefined:undefined":6,"s:199:6:208:Infinity":86,"s:200:8:206:Infinity":87,"s:201:10:201:Infinity":88,"s:202:10:202:Infinity":89,"s:204:24:204:56":90,"b:205:10:205:Infinity:undefined:undefined:undefined:undefined":7,"s:205:10:205:Infinity":91,"s:205:21:205:Infinity":92,"s:207:8:207:Infinity":93,"b:209:6:225:Infinity:undefined:undefined:undefined:undefined":8,"s:209:6:225:Infinity":94,"s:210:24:210:56":95,"s:211:18:211:54":96,"b:211:35:211:48:211:51:211:53":9,"s:212:22:212:54":97,"b:213:8:216:Infinity:undefined:undefined:undefined:undefined":10,"s:213:8:216:Infinity":98,"b:213:12:213:31:213:35:213:41":11,"b:214:10:214:Infinity:undefined:undefined:undefined:undefined":12,"s:214:10:214:Infinity":99,"s:214:21:214:Infinity":100,"s:215:10:215:Infinity":101,"b:217:8:217:Infinity:undefined:undefined:undefined:undefined":13,"s:217:8:217:Infinity":102,"s:217:19:217:Infinity":103,"s:218:8:224:Infinity":104,"s:219:10:219:Infinity":105,"s:220:10:220:Infinity":106,"s:222:25:222:57":107,"b:223:10:223:Infinity:undefined:undefined:undefined:undefined":14,"s:223:10:223:Infinity":108,"s:223:22:223:Infinity":109,"s:228:4:228:Infinity":110,"s:231:2:231:Infinity":111},"fnNames":{}}}
,"/Users/piyush.bhargava/Work/Experiments/step-tracker/src/progress.js": {"path":"/Users/piyush.bhargava/Work/Experiments/step-tracker/src/progress.js","statementMap":{"0":{"start":{"line":8,"column":20},"end":{"line":8,"column":27}},"1":{"start":{"line":9,"column":24},"end":{"line":9,"column":27}},"2":{"start":{"line":10,"column":27},"end":{"line":10,"column":68}},"3":{"start":{"line":21,"column":12},"end":{"line":21,"column":24}},"4":{"start":{"line":22,"column":12},"end":{"line":22,"column":27}},"5":{"start":{"line":23,"column":13},"end":{"line":23,"column":54}},"6":{"start":{"line":24,"column":13},"end":{"line":24,"column":49}},"7":{"start":{"line":25,"column":2},"end":{"line":25,"column":null}},"8":{"start":{"line":36,"column":2},"end":{"line":36,"column":null}},"9":{"start":{"line":56,"column":16},"end":{"line":58,"column":7}},"10":{"start":{"line":59,"column":22},"end":{"line":61,"column":7}},"11":{"start":{"line":64,"column":25},"end":{"line":64,"column":73}},"12":{"start":{"line":65,"column":22},"end":{"line":65,"column":76}},"13":{"start":{"line":69,"column":31},"end":{"line":69,"column":63}},"14":{"start":{"line":70,"column":28},"end":{"line":70,"column":57}},"15":{"start":{"line":71,"column":21},"end":{"line":71,"column":62}},"16":{"start":{"line":73,"column":23},"end":{"line":73,"column":71}},"17":{"start":{"line":74,"column":20},"end":{"line":74,"column":84}},"18":{"start":{"line":77,"column":2},"end":{"line":89,"column":null}},"19":{"start":{"line":78,"column":4},"end":{"line":88,"column":null}},"20":{"start":{"line":91,"column":14},"end":{"line":91,"column":69}},"21":{"start":{"line":92,"column":26},"end":{"line":92,"column":59}},"22":{"start":{"line":93,"column":23},"end":{"line":93,"column":52}},"23":{"start":{"line":94,"column":22},"end":{"line":94,"column":53}},"24":{"start":{"line":95,"column":18},"end":{"line":95,"column":28}},"25":{"start":{"line":97,"column":2},"end":{"line":107,"column":null}}},"fnMap":{"0":{"name":"_formatLocalDate","decl":{"start":{"line":20,"column":16},"end":{"line":20,"column":32}},"loc":{"start":{"line":20,"column":50},"end":{"line":26,"column":null}},"line":20},"1":{"name":"getTodayRecord","decl":{"start":{"line":35,"column":16},"end":{"line":35,"column":30}},"loc":{"start":{"line":35,"column":35},"end":{"line":37,"column":null}},"line":35},"2":{"name":"computeProgress","decl":{"start":{"line":54,"column":16},"end":{"line":54,"column":31}},"loc":{"start":{"line":54,"column":57},"end":{"line":108,"column":null}},"line":54}},"branchMap":{"0":{"loc":{"start":{"line":20,"column":33},"end":{"line":20,"column":48}},"type":"default-arg","locations":[{"start":{"line":20,"column":38},"end":{"line":20,"column":48}}],"line":20},"1":{"loc":{"start":{"line":56,"column":16},"end":{"line":58,"column":7}},"type":"cond-expr","locations":[{"start":{"line":57,"column":6},"end":{"line":57,"column":null}},{"start":{"line":58,"column":6},"end":{"line":58,"column":7}}],"line":56},"2":{"loc":{"start":{"line":56,"column":17},"end":{"line":56,"column":76}},"type":"binary-expr","locations":[{"start":{"line":56,"column":17},"end":{"line":56,"column":28}},{"start":{"line":56,"column":32},"end":{"line":56,"column":76}}],"line":56},"3":{"loc":{"start":{"line":59,"column":22},"end":{"line":61,"column":7}},"type":"cond-expr","locations":[{"start":{"line":60,"column":6},"end":{"line":60,"column":null}},{"start":{"line":61,"column":6},"end":{"line":61,"column":7}}],"line":59},"4":{"loc":{"start":{"line":59,"column":23},"end":{"line":59,"column":88}},"type":"binary-expr","locations":[{"start":{"line":59,"column":23},"end":{"line":59,"column":34}},{"start":{"line":59,"column":38},"end":{"line":59,"column":88}}],"line":59},"5":{"loc":{"start":{"line":64,"column":25},"end":{"line":64,"column":73}},"type":"cond-expr","locations":[{"start":{"line":64,"column":38},"end":{"line":64,"column":61}},{"start":{"line":64,"column":64},"end":{"line":64,"column":73}}],"line":64},"6":{"loc":{"start":{"line":65,"column":22},"end":{"line":65,"column":76}},"type":"cond-expr","locations":[{"start":{"line":65,"column":35},"end":{"line":65,"column":64}},{"start":{"line":65,"column":67},"end":{"line":65,"column":76}}],"line":65},"7":{"loc":{"start":{"line":71,"column":21},"end":{"line":71,"column":62}},"type":"binary-expr","locations":[{"start":{"line":71,"column":21},"end":{"line":71,"column":41}},{"start":{"line":71,"column":45},"end":{"line":71,"column":62}}],"line":71},"8":{"loc":{"start":{"line":73,"column":23},"end":{"line":73,"column":71}},"type":"cond-expr","locations":[{"start":{"line":73,"column":36},"end":{"line":73,"column":54}},{"start":{"line":73,"column":57},"end":{"line":73,"column":71}}],"line":73},"9":{"loc":{"start":{"line":74,"column":20},"end":{"line":74,"column":84}},"type":"cond-expr","locations":[{"start":{"line":74,"column":55},"end":{"line":74,"column":70}},{"start":{"line":74,"column":73},"end":{"line":74,"column":84}}],"line":74},"10":{"loc":{"start":{"line":74,"column":21},"end":{"line":74,"column":51}},"type":"binary-expr","locations":[{"start":{"line":74,"column":21},"end":{"line":74,"column":31}},{"start":{"line":74,"column":35},"end":{"line":74,"column":51}}],"line":74},"11":{"loc":{"start":{"line":77,"column":2},"end":{"line":89,"column":null}},"type":"if","locations":[{"start":{"line":77,"column":2},"end":{"line":89,"column":null}},{"start":{},"end":{}}],"line":77},"12":{"loc":{"start":{"line":82,"column":17},"end":{"line":82,"column":49}},"type":"cond-expr","locations":[{"start":{"line":82,"column":36},"end":{"line":82,"column":37}},{"start":{"line":82,"column":40},"end":{"line":82,"column":49}}],"line":82}},"s":{"0":2,"1":2,"2":2,"3":59,"4":59,"5":59,"6":59,"7":59,"8":56,"9":69,"10":69,"11":69,"12":69,"13":69,"14":69,"15":69,"16":69,"17":69,"18":69,"19":1,"20":68,"21":68,"22":68,"23":68,"24":68,"25":68},"f":{"0":59,"1":56,"2":69},"b":{"0":[59],"1":[31,38],"2":[69,31],"3":[31,38],"4":[69,31],"5":[63,6],"6":[63,6],"7":[69,60],"8":[10,59],"9":[11,58],"10":[69,59],"11":[1,68],"12":[1,0]},"meta":{"lastBranch":13,"lastFunction":3,"lastStatement":26,"seen":{"s:8:20:8:27":0,"s:9:24:9:27":1,"s:10:27:10:68":2,"f:20:16:20:32":0,"b:20:38:20:48":0,"s:21:12:21:24":3,"s:22:12:22:27":4,"s:23:13:23:54":5,"s:24:13:24:49":6,"s:25:2:25:Infinity":7,"f:35:16:35:30":1,"s:36:2:36:Infinity":8,"f:54:16:54:31":2,"s:56:16:58:7":9,"b:57:6:57:Infinity:58:6:58:7":1,"b:56:17:56:28:56:32:56:76":2,"s:59:22:61:7":10,"b:60:6:60:Infinity:61:6:61:7":3,"b:59:23:59:34:59:38:59:88":4,"s:64:25:64:73":11,"b:64:38:64:61:64:64:64:73":5,"s:65:22:65:76":12,"b:65:35:65:64:65:67:65:76":6,"s:69:31:69:63":13,"s:70:28:70:57":14,"s:71:21:71:62":15,"b:71:21:71:41:71:45:71:62":7,"s:73:23:73:71":16,"b:73:36:73:54:73:57:73:71":8,"s:74:20:74:84":17,"b:74:55:74:70:74:73:74:84":9,"b:74:21:74:31:74:35:74:51":10,"b:77:2:89:Infinity:undefined:undefined:undefined:undefined":11,"s:77:2:89:Infinity":18,"s:78:4:88:Infinity":19,"b:82:36:82:37:82:40:82:49":12,"s:91:14:91:69":20,"s:92:26:92:59":21,"s:93:23:93:52":22,"s:94:22:94:53":23,"s:95:18:95:28":24,"s:97:2:107:Infinity":25},"fnNames":{}}}
,"/Users/piyush.bhargava/Work/Experiments/step-tracker/src/steps.fixtures.js": {"path":"/Users/piyush.bhargava/Work/Experiments/step-tracker/src/steps.fixtures.js","statementMap":{"0":{"start":{"line":20,"column":15},"end":{"line":20,"column":52}},"1":{"start":{"line":20,"column":39},"end":{"line":20,"column":50}},"2":{"start":{"line":21,"column":18},"end":{"line":21,"column":22}},"3":{"start":{"line":22,"column":18},"end":{"line":23,"column":67}},"4":{"start":{"line":23,"column":4},"end":{"line":23,"column":67}},"5":{"start":{"line":23,"column":38},"end":{"line":23,"column":66}},"6":{"start":{"line":24,"column":2},"end":{"line":48,"column":null}},"7":{"start":{"line":27,"column":8},"end":{"line":27,"column":null}},"8":{"start":{"line":30,"column":8},"end":{"line":30,"column":null}},"9":{"start":{"line":34,"column":28},"end":{"line":40,"column":7}},"10":{"start":{"line":35,"column":33},"end":{"line":35,"column":45}},"11":{"start":{"line":37,"column":25},"end":{"line":37,"column":34}},"12":{"start":{"line":38,"column":10},"end":{"line":38,"column":null}},"13":{"start":{"line":41,"column":38},"end":{"line":41,"column":67}},"14":{"start":{"line":41,"column":55},"end":{"line":41,"column":66}},"15":{"start":{"line":43,"column":8},"end":{"line":43,"column":null}},"16":{"start":{"line":43,"column":33},"end":{"line":43,"column":null}},"17":{"start":{"line":46,"column":58},"end":{"line":46,"column":68}},"18":{"start":{"line":62,"column":16},"end":{"line":62,"column":23}},"19":{"start":{"line":63,"column":2},"end":{"line":63,"column":null}},"20":{"start":{"line":63,"column":32},"end":{"line":63,"column":null}},"21":{"start":{"line":64,"column":2},"end":{"line":64,"column":null}},"22":{"start":{"line":65,"column":2},"end":{"line":79,"column":null}},"23":{"start":{"line":78,"column":58},"end":{"line":78,"column":68}},"24":{"start":{"line":88,"column":2},"end":{"line":97,"column":null}},"25":{"start":{"line":106,"column":2},"end":{"line":106,"column":null}},"26":{"start":{"line":115,"column":16},"end":{"line":115,"column":40}},"27":{"start":{"line":116,"column":2},"end":{"line":116,"column":null}}},"fnMap":{"0":{"name":"makeStatefulDb","decl":{"start":{"line":19,"column":16},"end":{"line":19,"column":30}},"loc":{"start":{"line":19,"column":69},"end":{"line":49,"column":null}},"line":19},"1":{"name":"(anonymous_1)","decl":{"start":{"line":20,"column":32},"end":{"line":20,"column":33}},"loc":{"start":{"line":20,"column":39},"end":{"line":20,"column":50}},"line":20},"2":{"name":"(anonymous_2)","decl":{"start":{"line":22,"column":18},"end":{"line":22,"column":19}},"loc":{"start":{"line":23,"column":4},"end":{"line":23,"column":67}},"line":23},"3":{"name":"(anonymous_3)","decl":{"start":{"line":23,"column":28},"end":{"line":23,"column":29}},"loc":{"start":{"line":23,"column":38},"end":{"line":23,"column":66}},"line":23},"4":{"name":"(anonymous_4)","decl":{"start":{"line":26,"column":17},"end":{"line":26,"column":22}},"loc":{"start":{"line":27,"column":8},"end":{"line":27,"column":null}},"line":27},"5":{"name":"(anonymous_5)","decl":{"start":{"line":29,"column":17},"end":{"line":29,"column":22}},"loc":{"start":{"line":29,"column":32},"end":{"line":31,"column":7}},"line":29},"6":{"name":"(anonymous_6)","decl":{"start":{"line":34,"column":21},"end":{"line":34,"column":22}},"loc":{"start":{"line":34,"column":28},"end":{"line":40,"column":7}},"line":34},"7":{"name":"(anonymous_7)","decl":{"start":{"line":35,"column":21},"end":{"line":35,"column":26}},"loc":{"start":{"line":35,"column":33},"end":{"line":35,"column":45}},"line":35},"8":{"name":"(anonymous_8)","decl":{"start":{"line":36,"column":20},"end":{"line":36,"column":25}},"loc":{"start":{"line":36,"column":32},"end":{"line":39,"column":9}},"line":36},"9":{"name":"(anonymous_9)","decl":{"start":{"line":41,"column":21},"end":{"line":41,"column":26}},"loc":{"start":{"line":41,"column":38},"end":{"line":41,"column":67}},"line":41},"10":{"name":"(anonymous_10)","decl":{"start":{"line":41,"column":48},"end":{"line":41,"column":49}},"loc":{"start":{"line":41,"column":55},"end":{"line":41,"column":66}},"line":41},"11":{"name":"(anonymous_11)","decl":{"start":{"line":42,"column":21},"end":{"line":42,"column":26}},"loc":{"start":{"line":42,"column":40},"end":{"line":44,"column":7}},"line":42},"12":{"name":"(anonymous_12)","decl":{"start":{"line":46,"column":23},"end":{"line":46,"column":28}},"loc":{"start":{"line":46,"column":58},"end":{"line":46,"column":68}},"line":46},"13":{"name":"makeScriptedDb","decl":{"start":{"line":61,"column":16},"end":{"line":61,"column":30}},"loc":{"start":{"line":61,"column":72},"end":{"line":80,"column":null}},"line":61},"14":{"name":"(anonymous_14)","decl":{"start":{"line":78,"column":23},"end":{"line":78,"column":28}},"loc":{"start":{"line":78,"column":58},"end":{"line":78,"column":68}},"line":78},"15":{"name":"seedRow","decl":{"start":{"line":87,"column":16},"end":{"line":87,"column":23}},"loc":{"start":{"line":87,"column":30},"end":{"line":98,"column":null}},"line":87},"16":{"name":"syncBtn","decl":{"start":{"line":105,"column":16},"end":{"line":105,"column":23}},"loc":{"start":{"line":105,"column":40},"end":{"line":107,"column":null}},"line":105},"17":{"name":"lastSyncMessage","decl":{"start":{"line":114,"column":16},"end":{"line":114,"column":31}},"loc":{"start":{"line":114,"column":42},"end":{"line":117,"column":null}},"line":114}},"branchMap":{"0":{"loc":{"start":{"line":19,"column":31},"end":{"line":19,"column":67}},"type":"default-arg","locations":[{"start":{"line":19,"column":65},"end":{"line":19,"column":67}}],"line":19},"1":{"loc":{"start":{"line":19,"column":33},"end":{"line":19,"column":42}},"type":"default-arg","locations":[{"start":{"line":19,"column":40},"end":{"line":19,"column":42}}],"line":19},"2":{"loc":{"start":{"line":19,"column":44},"end":{"line":19,"column":60}},"type":"default-arg","locations":[{"start":{"line":19,"column":51},"end":{"line":19,"column":60}}],"line":19},"3":{"loc":{"start":{"line":27,"column":8},"end":{"line":27,"column":null}},"type":"cond-expr","locations":[{"start":{"line":27,"column":34},"end":{"line":27,"column":43}},{"start":{"line":27,"column":46},"end":{"line":27,"column":null}}],"line":27},"4":{"loc":{"start":{"line":61,"column":31},"end":{"line":61,"column":70}},"type":"default-arg","locations":[{"start":{"line":61,"column":68},"end":{"line":61,"column":70}}],"line":61},"5":{"loc":{"start":{"line":105,"column":24},"end":{"line":105,"column":38}},"type":"default-arg","locations":[{"start":{"line":105,"column":30},"end":{"line":105,"column":38}}],"line":105},"6":{"loc":{"start":{"line":116,"column":9},"end":{"line":116,"column":62}},"type":"cond-expr","locations":[{"start":{"line":116,"column":24},"end":{"line":116,"column":50}},{"start":{"line":116,"column":53},"end":{"line":116,"column":62}}],"line":116}},"s":{"0":11,"1":22,"2":11,"3":11,"4":34,"5":584,"6":11,"7":12,"8":1,"9":34,"10":22,"11":12,"12":12,"13":150,"14":143,"15":148,"16":141,"17":148,"18":15,"19":15,"20":34,"21":15,"22":15,"23":900,"24":22,"25":29,"26":22,"27":22},"f":{"0":11,"1":22,"2":34,"3":584,"4":12,"5":1,"6":34,"7":22,"8":12,"9":150,"10":143,"11":148,"12":148,"13":15,"14":900,"15":22,"16":29,"17":22},"b":{"0":[11],"1":[11],"2":[11],"3":[10,2],"4":[15],"5":[29],"6":[22,0]},"meta":{"lastBranch":7,"lastFunction":18,"lastStatement":28,"seen":{"f:19:16:19:30":0,"b:19:65:19:67":0,"b:19:40:19:42":1,"b:19:51:19:60":2,"s:20:15:20:52":0,"f:20:32:20:33":1,"s:20:39:20:50":1,"s:21:18:21:22":2,"s:22:18:23:67":3,"f:22:18:22:19":2,"s:23:4:23:67":4,"f:23:28:23:29":3,"s:23:38:23:66":5,"s:24:2:48:Infinity":6,"f:26:17:26:22":4,"s:27:8:27:Infinity":7,"b:27:34:27:43:27:46:27:Infinity":3,"f:29:17:29:22":5,"s:30:8:30:Infinity":8,"f:34:21:34:22":6,"s:34:28:40:7":9,"f:35:21:35:26":7,"s:35:33:35:45":10,"f:36:20:36:25":8,"s:37:25:37:34":11,"s:38:10:38:Infinity":12,"f:41:21:41:26":9,"s:41:38:41:67":13,"f:41:48:41:49":10,"s:41:55:41:66":14,"f:42:21:42:26":11,"s:43:8:43:Infinity":15,"s:43:33:43:Infinity":16,"f:46:23:46:28":12,"s:46:58:46:68":17,"f:61:16:61:30":13,"b:61:68:61:70":4,"s:62:16:62:23":18,"s:63:2:63:Infinity":19,"s:63:32:63:Infinity":20,"s:64:2:64:Infinity":21,"s:65:2:79:Infinity":22,"f:78:23:78:28":14,"s:78:58:78:68":23,"f:87:16:87:23":15,"s:88:2:97:Infinity":24,"f:105:16:105:23":16,"b:105:30:105:38":5,"s:106:2:106:Infinity":25,"f:114:16:114:31":17,"s:115:16:115:40":26,"s:116:2:116:Infinity":27,"b:116:24:116:50:116:53:116:62":6},"fnNames":{}}}
,"/Users/piyush.bhargava/Work/Experiments/step-tracker/src/steps.js": {"path":"/Users/piyush.bhargava/Work/Experiments/step-tracker/src/steps.js","statementMap":{"0":{"start":{"line":21,"column":35},"end":{"line":21,"column":55}},"1":{"start":{"line":24,"column":26},"end":{"line":24,"column":28}},"2":{"start":{"line":27,"column":25},"end":{"line":27,"column":35}},"3":{"start":{"line":33,"column":34},"end":{"line":33,"column":35}},"4":{"start":{"line":36,"column":26},"end":{"line":36,"column":34}},"5":{"start":{"line":39,"column":29},"end":{"line":39,"column":33}},"6":{"start":{"line":42,"column":32},"end":{"line":42,"column":36}},"7":{"start":{"line":48,"column":34},"end":{"line":48,"column":40}},"8":{"start":{"line":51,"column":37},"end":{"line":51,"column":64}},"9":{"start":{"line":54,"column":34},"end":{"line":54,"column":53}},"10":{"start":{"line":57,"column":33},"end":{"line":57,"column":51}},"11":{"start":{"line":60,"column":27},"end":{"line":60,"column":48}},"12":{"start":{"line":64,"column":2},"end":{"line":64,"column":68}},"13":{"start":{"line":67,"column":30},"end":{"line":67,"column":59}},"14":{"start":{"line":68,"column":34},"end":{"line":68,"column":61}},"15":{"start":{"line":74,"column":38},"end":{"line":74,"column":39}},"16":{"start":{"line":77,"column":22},"end":{"line":77,"column":26}},"17":{"start":{"line":80,"column":26},"end":{"line":80,"column":29}},"18":{"start":{"line":81,"column":31},"end":{"line":81,"column":34}},"19":{"start":{"line":82,"column":30},"end":{"line":82,"column":33}},"20":{"start":{"line":83,"column":30},"end":{"line":83,"column":33}},"21":{"start":{"line":88,"column":31},"end":{"line":88,"column":46}},"22":{"start":{"line":91,"column":36},"end":{"line":91,"column":50}},"23":{"start":{"line":94,"column":39},"end":{"line":94,"column":56}},"24":{"start":{"line":97,"column":34},"end":{"line":97,"column":46}},"25":{"start":{"line":100,"column":37},"end":{"line":100,"column":52}},"26":{"start":{"line":119,"column":2},"end":{"line":125,"column":null}},"27":{"start":{"line":120,"column":4},"end":{"line":122,"column":null}},"28":{"start":{"line":121,"column":6},"end":{"line":121,"column":null}},"29":{"start":{"line":123,"column":31},"end":{"line":123,"column":62}},"30":{"start":{"line":124,"column":4},"end":{"line":124,"column":null}},"31":{"start":{"line":128,"column":4},"end":{"line":130,"column":26}},"32":{"start":{"line":131,"column":2},"end":{"line":131,"column":null}},"33":{"start":{"line":132,"column":2},"end":{"line":132,"column":null}},"34":{"start":{"line":147,"column":12},"end":{"line":147,"column":36}},"35":{"start":{"line":148,"column":2},"end":{"line":148,"column":null}},"36":{"start":{"line":149,"column":2},"end":{"line":149,"column":null}},"37":{"start":{"line":150,"column":2},"end":{"line":150,"column":null}},"38":{"start":{"line":162,"column":12},"end":{"line":162,"column":24}},"39":{"start":{"line":163,"column":12},"end":{"line":163,"column":27}},"40":{"start":{"line":164,"column":13},"end":{"line":164,"column":54}},"41":{"start":{"line":165,"column":13},"end":{"line":165,"column":49}},"42":{"start":{"line":166,"column":2},"end":{"line":166,"column":null}},"43":{"start":{"line":183,"column":18},"end":{"line":183,"column":53}},"44":{"start":{"line":184,"column":15},"end":{"line":184,"column":38}},"45":{"start":{"line":185,"column":17},"end":{"line":185,"column":19}},"46":{"start":{"line":187,"column":2},"end":{"line":200,"column":null}},"47":{"start":{"line":188,"column":21},"end":{"line":188,"column":37}},"48":{"start":{"line":189,"column":23},"end":{"line":189,"column":52}},"49":{"start":{"line":190,"column":25},"end":{"line":190,"column":45}},"50":{"start":{"line":192,"column":4},"end":{"line":196,"column":null}},"51":{"start":{"line":194,"column":6},"end":{"line":194,"column":null}},"52":{"start":{"line":195,"column":6},"end":{"line":195,"column":null}},"53":{"start":{"line":198,"column":4},"end":{"line":198,"column":null}},"54":{"start":{"line":199,"column":4},"end":{"line":199,"column":null}},"55":{"start":{"line":202,"column":2},"end":{"line":202,"column":null}},"56":{"start":{"line":230,"column":19},"end":{"line":230,"column":64}},"57":{"start":{"line":231,"column":16},"end":{"line":231,"column":65}},"58":{"start":{"line":233,"column":25},"end":{"line":233,"column":30}},"59":{"start":{"line":234,"column":2},"end":{"line":240,"column":null}},"60":{"start":{"line":235,"column":20},"end":{"line":235,"column":64}},"61":{"start":{"line":236,"column":4},"end":{"line":236,"column":null}},"62":{"start":{"line":239,"column":4},"end":{"line":239,"column":null}},"63":{"start":{"line":242,"column":17},"end":{"line":242,"column":63}},"64":{"start":{"line":243,"column":17},"end":{"line":243,"column":62}},"65":{"start":{"line":245,"column":2},"end":{"line":247,"column":null}},"66":{"start":{"line":246,"column":4},"end":{"line":246,"column":null}},"67":{"start":{"line":249,"column":18},"end":{"line":258,"column":3}},"68":{"start":{"line":260,"column":25},"end":{"line":260,"column":52}},"69":{"start":{"line":261,"column":2},"end":{"line":267,"column":null}},"70":{"start":{"line":262,"column":4},"end":{"line":266,"column":null}},"71":{"start":{"line":269,"column":2},"end":{"line":269,"column":null}},"72":{"start":{"line":302,"column":2},"end":{"line":355,"column":null}},"73":{"start":{"line":305,"column":6},"end":{"line":307,"column":51}},"74":{"start":{"line":311,"column":4},"end":{"line":313,"column":null}},"75":{"start":{"line":312,"column":6},"end":{"line":312,"column":null}},"76":{"start":{"line":314,"column":17},"end":{"line":314,"column":41}},"77":{"start":{"line":317,"column":20},"end":{"line":317,"column":40}},"78":{"start":{"line":320,"column":6},"end":{"line":321,"column":16}},"79":{"start":{"line":320,"column":27},"end":{"line":320,"column":72}},"80":{"start":{"line":324,"column":6},"end":{"line":325,"column":16}},"81":{"start":{"line":324,"column":27},"end":{"line":324,"column":70}},"82":{"start":{"line":328,"column":23},"end":{"line":328,"column":47}},"83":{"start":{"line":329,"column":18},"end":{"line":331,"column":5}},"84":{"start":{"line":330,"column":40},"end":{"line":330,"column":77}},"85":{"start":{"line":334,"column":23},"end":{"line":334,"column":47}},"86":{"start":{"line":335,"column":19},"end":{"line":338,"column":5}},"87":{"start":{"line":336,"column":22},"end":{"line":336,"column":58}},"88":{"start":{"line":340,"column":28},"end":{"line":340,"column":69}},"89":{"start":{"line":341,"column":23},"end":{"line":343,"column":47}},"90":{"start":{"line":345,"column":4},"end":{"line":354,"column":null}},"91":{"start":{"line":368,"column":2},"end":{"line":368,"column":null}},"92":{"start":{"line":368,"column":34},"end":{"line":368,"column":57}},"93":{"start":{"line":384,"column":17},"end":{"line":384,"column":51}},"94":{"start":{"line":386,"column":4},"end":{"line":386,"column":73}},"95":{"start":{"line":387,"column":2},"end":{"line":387,"column":null}},"96":{"start":{"line":407,"column":23},"end":{"line":407,"column":65}},"97":{"start":{"line":408,"column":16},"end":{"line":410,"column":3}},"98":{"start":{"line":411,"column":2},"end":{"line":411,"column":null}},"99":{"start":{"line":412,"column":2},"end":{"line":412,"column":null}},"100":{"start":{"line":413,"column":2},"end":{"line":413,"column":null}},"101":{"start":{"line":414,"column":2},"end":{"line":414,"column":null}},"102":{"start":{"line":415,"column":2},"end":{"line":415,"column":null}},"103":{"start":{"line":416,"column":2},"end":{"line":416,"column":null}},"104":{"start":{"line":417,"column":2},"end":{"line":417,"column":null}},"105":{"start":{"line":417,"column":27},"end":{"line":417,"column":null}},"106":{"start":{"line":418,"column":2},"end":{"line":418,"column":null}},"107":{"start":{"line":448,"column":2},"end":{"line":450,"column":null}},"108":{"start":{"line":449,"column":4},"end":{"line":449,"column":null}},"109":{"start":{"line":452,"column":15},"end":{"line":460,"column":4}},"110":{"start":{"line":462,"column":15},"end":{"line":463,"column":62}},"111":{"start":{"line":463,"column":4},"end":{"line":463,"column":62}},"112":{"start":{"line":465,"column":19},"end":{"line":465,"column":23}},"113":{"start":{"line":467,"column":2},"end":{"line":508,"column":null}},"114":{"start":{"line":467,"column":21},"end":{"line":467,"column":22}},"115":{"start":{"line":469,"column":4},"end":{"line":481,"column":null}},"116":{"start":{"line":470,"column":6},"end":{"line":478,"column":null}},"117":{"start":{"line":480,"column":6},"end":{"line":480,"column":null}},"118":{"start":{"line":483,"column":4},"end":{"line":483,"column":null}},"119":{"start":{"line":483,"column":21},"end":{"line":483,"column":null}},"120":{"start":{"line":485,"column":4},"end":{"line":485,"column":null}},"121":{"start":{"line":487,"column":4},"end":{"line":489,"column":null}},"122":{"start":{"line":488,"column":6},"end":{"line":488,"column":null}},"123":{"start":{"line":492,"column":6},"end":{"line":493,"column":82}},"124":{"start":{"line":494,"column":4},"end":{"line":496,"column":null}},"125":{"start":{"line":495,"column":6},"end":{"line":495,"column":null}},"126":{"start":{"line":498,"column":4},"end":{"line":507,"column":null}},"127":{"start":{"line":499,"column":21},"end":{"line":499,"column":75}},"128":{"start":{"line":500,"column":26},"end":{"line":500,"column":48}},"129":{"start":{"line":501,"column":6},"end":{"line":505,"column":null}},"130":{"start":{"line":506,"column":6},"end":{"line":506,"column":null}},"131":{"start":{"line":510,"column":2},"end":{"line":510,"column":null}},"132":{"start":{"line":545,"column":2},"end":{"line":586,"column":null}},"133":{"start":{"line":546,"column":18},"end":{"line":546,"column":44}},"134":{"start":{"line":546,"column":37},"end":{"line":546,"column":43}},"135":{"start":{"line":547,"column":21},"end":{"line":547,"column":58}},"136":{"start":{"line":549,"column":22},"end":{"line":549,"column":46}},"137":{"start":{"line":550,"column":19},"end":{"line":583,"column":6}},"138":{"start":{"line":551,"column":18},"end":{"line":551,"column":29}},"139":{"start":{"line":553,"column":6},"end":{"line":561,"column":null}},"140":{"start":{"line":555,"column":8},"end":{"line":560,"column":null}},"141":{"start":{"line":563,"column":6},"end":{"line":572,"column":null}},"142":{"start":{"line":566,"column":8},"end":{"line":571,"column":null}},"143":{"start":{"line":575,"column":6},"end":{"line":582,"column":null}},"144":{"start":{"line":585,"column":4},"end":{"line":585,"column":null}},"145":{"start":{"line":604,"column":2},"end":{"line":612,"column":null}},"146":{"start":{"line":605,"column":19},"end":{"line":605,"column":65}},"147":{"start":{"line":606,"column":4},"end":{"line":606,"column":null}},"148":{"start":{"line":606,"column":17},"end":{"line":606,"column":null}},"149":{"start":{"line":607,"column":4},"end":{"line":609,"column":null}},"150":{"start":{"line":608,"column":6},"end":{"line":608,"column":null}},"151":{"start":{"line":611,"column":4},"end":{"line":611,"column":null}},"152":{"start":{"line":628,"column":2},"end":{"line":635,"column":null}},"153":{"start":{"line":629,"column":19},"end":{"line":629,"column":65}},"154":{"start":{"line":630,"column":4},"end":{"line":630,"column":null}},"155":{"start":{"line":630,"column":17},"end":{"line":630,"column":null}},"156":{"start":{"line":631,"column":4},"end":{"line":631,"column":null}},"157":{"start":{"line":633,"column":4},"end":{"line":633,"column":null}},"158":{"start":{"line":634,"column":4},"end":{"line":634,"column":null}},"159":{"start":{"line":656,"column":2},"end":{"line":659,"column":null}},"160":{"start":{"line":657,"column":24},"end":{"line":657,"column":77}},"161":{"start":{"line":658,"column":4},"end":{"line":658,"column":null}},"162":{"start":{"line":661,"column":13},"end":{"line":661,"column":34}},"163":{"start":{"line":662,"column":17},"end":{"line":662,"column":75}},"164":{"start":{"line":664,"column":2},"end":{"line":666,"column":null}},"165":{"start":{"line":665,"column":4},"end":{"line":665,"column":null}},"166":{"start":{"line":667,"column":2},"end":{"line":669,"column":null}},"167":{"start":{"line":668,"column":4},"end":{"line":668,"column":null}},"168":{"start":{"line":670,"column":2},"end":{"line":672,"column":null}},"169":{"start":{"line":671,"column":4},"end":{"line":671,"column":null}},"170":{"start":{"line":677,"column":2},"end":{"line":677,"column":null}},"171":{"start":{"line":698,"column":18},"end":{"line":698,"column":23}},"172":{"start":{"line":719,"column":18},"end":{"line":719,"column":39}},"173":{"start":{"line":720,"column":4},"end":{"line":723,"column":null}},"174":{"start":{"line":721,"column":6},"end":{"line":721,"column":null}},"175":{"start":{"line":722,"column":6},"end":{"line":722,"column":null}},"176":{"start":{"line":726,"column":4},"end":{"line":726,"column":null}},"177":{"start":{"line":726,"column":19},"end":{"line":726,"column":null}},"178":{"start":{"line":729,"column":4},"end":{"line":729,"column":null}},"179":{"start":{"line":730,"column":20},"end":{"line":730,"column":53}},"180":{"start":{"line":731,"column":4},"end":{"line":734,"column":null}},"181":{"start":{"line":732,"column":6},"end":{"line":732,"column":null}},"182":{"start":{"line":733,"column":6},"end":{"line":733,"column":null}},"183":{"start":{"line":738,"column":24},"end":{"line":738,"column":25}},"184":{"start":{"line":739,"column":20},"end":{"line":739,"column":24}},"185":{"start":{"line":741,"column":4},"end":{"line":825,"column":null}},"186":{"start":{"line":743,"column":22},"end":{"line":743,"column":53}},"187":{"start":{"line":744,"column":26},"end":{"line":744,"column":77}},"188":{"start":{"line":744,"column":46},"end":{"line":744,"column":76}},"189":{"start":{"line":746,"column":6},"end":{"line":750,"column":null}},"190":{"start":{"line":747,"column":8},"end":{"line":749,"column":null}},"191":{"start":{"line":753,"column":21},"end":{"line":753,"column":23}},"192":{"start":{"line":754,"column":21},"end":{"line":754,"column":22}},"193":{"start":{"line":755,"column":6},"end":{"line":760,"column":null}},"194":{"start":{"line":756,"column":8},"end":{"line":756,"column":null}},"195":{"start":{"line":757,"column":8},"end":{"line":759,"column":null}},"196":{"start":{"line":758,"column":10},"end":{"line":758,"column":null}},"197":{"start":{"line":761,"column":20},"end":{"line":761,"column":33}},"198":{"start":{"line":764,"column":6},"end":{"line":776,"column":null}},"199":{"start":{"line":764,"column":19},"end":{"line":764,"column":20}},"200":{"start":{"line":765,"column":22},"end":{"line":765,"column":31}},"201":{"start":{"line":766,"column":22},"end":{"line":766,"column":27}},"202":{"start":{"line":767,"column":8},"end":{"line":767,"column":null}},"203":{"start":{"line":768,"column":8},"end":{"line":770,"column":null}},"204":{"start":{"line":772,"column":20},"end":{"line":772,"column":87}},"205":{"start":{"line":773,"column":24},"end":{"line":773,"column":59}},"206":{"start":{"line":774,"column":8},"end":{"line":774,"column":null}},"207":{"start":{"line":775,"column":8},"end":{"line":775,"column":null}},"208":{"start":{"line":779,"column":6},"end":{"line":781,"column":null}},"209":{"start":{"line":780,"column":8},"end":{"line":780,"column":null}},"210":{"start":{"line":784,"column":24},"end":{"line":784,"column":70}},"211":{"start":{"line":785,"column":23},"end":{"line":787,"column":14}},"212":{"start":{"line":788,"column":23},"end":{"line":788,"column":68}},"213":{"start":{"line":790,"column":6},"end":{"line":802,"column":null}},"214":{"start":{"line":791,"column":8},"end":{"line":793,"column":null}},"215":{"start":{"line":794,"column":13},"end":{"line":802,"column":null}},"216":{"start":{"line":795,"column":8},"end":{"line":797,"column":null}},"217":{"start":{"line":799,"column":8},"end":{"line":801,"column":null}},"218":{"start":{"line":809,"column":6},"end":{"line":809,"column":null}},"219":{"start":{"line":813,"column":16},"end":{"line":813,"column":52}},"220":{"start":{"line":814,"column":20},"end":{"line":814,"column":56}},"221":{"start":{"line":816,"column":6},"end":{"line":816,"column":null}},"222":{"start":{"line":820,"column":6},"end":{"line":823,"column":null}},"223":{"start":{"line":821,"column":8},"end":{"line":821,"column":null}},"224":{"start":{"line":822,"column":8},"end":{"line":822,"column":null}},"225":{"start":{"line":824,"column":6},"end":{"line":824,"column":null}},"226":{"start":{"line":828,"column":2},"end":{"line":828,"column":null}}},"fnMap":{"0":{"name":"_localMidnight","decl":{"start":{"line":118,"column":16},"end":{"line":118,"column":30}},"loc":{"start":{"line":118,"column":41},"end":{"line":133,"column":null}},"line":118},"1":{"name":"_addDays","decl":{"start":{"line":146,"column":16},"end":{"line":146,"column":24}},"loc":{"start":{"line":146,"column":34},"end":{"line":151,"column":null}},"line":146},"2":{"name":"_formatLocalDate","decl":{"start":{"line":161,"column":16},"end":{"line":161,"column":32}},"loc":{"start":{"line":161,"column":37},"end":{"line":167,"column":null}},"line":161},"3":{"name":"_chunkWindow","decl":{"start":{"line":182,"column":16},"end":{"line":182,"column":28}},"loc":{"start":{"line":182,"column":49},"end":{"line":203,"column":null}},"line":182},"4":{"name":"_determineSyncWindows","decl":{"start":{"line":229,"column":22},"end":{"line":229,"column":43}},"loc":{"start":{"line":229,"column":48},"end":{"line":270,"column":null}},"line":229},"5":{"name":"_normalizeBuckets","decl":{"start":{"line":301,"column":16},"end":{"line":301,"column":33}},"loc":{"start":{"line":301,"column":43},"end":{"line":356,"column":null}},"line":301},"6":{"name":"(anonymous_6)","decl":{"start":{"line":302,"column":25},"end":{"line":302,"column":26}},"loc":{"start":{"line":302,"column":37},"end":{"line":355,"column":3}},"line":302},"7":{"name":"(anonymous_7)","decl":{"start":{"line":320,"column":19},"end":{"line":320,"column":20}},"loc":{"start":{"line":320,"column":27},"end":{"line":320,"column":72}},"line":320},"8":{"name":"(anonymous_8)","decl":{"start":{"line":324,"column":19},"end":{"line":324,"column":20}},"loc":{"start":{"line":324,"column":27},"end":{"line":324,"column":70}},"line":324},"9":{"name":"(anonymous_9)","decl":{"start":{"line":330,"column":24},"end":{"line":330,"column":25}},"loc":{"start":{"line":330,"column":40},"end":{"line":330,"column":77}},"line":330},"10":{"name":"(anonymous_10)","decl":{"start":{"line":336,"column":6},"end":{"line":336,"column":7}},"loc":{"start":{"line":336,"column":22},"end":{"line":336,"column":58}},"line":336},"11":{"name":"_sleep","decl":{"start":{"line":367,"column":16},"end":{"line":367,"column":22}},"loc":{"start":{"line":367,"column":27},"end":{"line":369,"column":null}},"line":367},"12":{"name":"(anonymous_12)","decl":{"start":{"line":368,"column":21},"end":{"line":368,"column":22}},"loc":{"start":{"line":368,"column":34},"end":{"line":368,"column":57}},"line":368},"13":{"name":"_resolveBackoffMs","decl":{"start":{"line":383,"column":16},"end":{"line":383,"column":33}},"loc":{"start":{"line":383,"column":46},"end":{"line":388,"column":null}},"line":383},"14":{"name":"_syncFailure","decl":{"start":{"line":406,"column":16},"end":{"line":406,"column":28}},"loc":{"start":{"line":406,"column":75},"end":{"line":419,"column":null}},"line":406},"15":{"name":"_fetchChunk","decl":{"start":{"line":447,"column":22},"end":{"line":447,"column":33}},"loc":{"start":{"line":447,"column":78},"end":{"line":511,"column":null}},"line":447},"16":{"name":"(anonymous_16)","decl":{"start":{"line":462,"column":15},"end":{"line":462,"column":16}},"loc":{"start":{"line":463,"column":4},"end":{"line":463,"column":62}},"line":463},"17":{"name":"_upsertChunk","decl":{"start":{"line":544,"column":22},"end":{"line":544,"column":34}},"loc":{"start":{"line":544,"column":48},"end":{"line":587,"column":null}},"line":544},"18":{"name":"(anonymous_18)","decl":{"start":{"line":545,"column":48},"end":{"line":545,"column":53}},"loc":{"start":{"line":545,"column":60},"end":{"line":586,"column":3}},"line":545},"19":{"name":"(anonymous_19)","decl":{"start":{"line":546,"column":30},"end":{"line":546,"column":31}},"loc":{"start":{"line":546,"column":37},"end":{"line":546,"column":43}},"line":546},"20":{"name":"(anonymous_20)","decl":{"start":{"line":550,"column":31},"end":{"line":550,"column":32}},"loc":{"start":{"line":550,"column":46},"end":{"line":583,"column":5}},"line":550},"21":{"name":"_latchBackfillComplete","decl":{"start":{"line":603,"column":22},"end":{"line":603,"column":44}},"loc":{"start":{"line":603,"column":49},"end":{"line":613,"column":null}},"line":603},"22":{"name":"_readOldestStoredLabel","decl":{"start":{"line":627,"column":22},"end":{"line":627,"column":44}},"loc":{"start":{"line":627,"column":49},"end":{"line":636,"column":null}},"line":627},"23":{"name":"_renderSyncErrorMessage","decl":{"start":{"line":655,"column":22},"end":{"line":655,"column":45}},"loc":{"start":{"line":655,"column":86},"end":{"line":678,"column":null}},"line":655},"24":{"name":"createStepSync","decl":{"start":{"line":696,"column":16},"end":{"line":696,"column":30}},"loc":{"start":{"line":696,"column":67},"end":{"line":829,"column":null}},"line":696},"25":{"name":"sync","decl":{"start":{"line":717,"column":17},"end":{"line":717,"column":21}},"loc":{"start":{"line":717,"column":24},"end":{"line":826,"column":null}},"line":717},"26":{"name":"(anonymous_26)","decl":{"start":{"line":744,"column":39},"end":{"line":744,"column":40}},"loc":{"start":{"line":744,"column":46},"end":{"line":744,"column":76}},"line":744}},"branchMap":{"0":{"loc":{"start":{"line":119,"column":2},"end":{"line":125,"column":null}},"type":"if","locations":[{"start":{"line":119,"column":2},"end":{"line":125,"column":null}},{"start":{},"end":{}}],"line":119},"1":{"loc":{"start":{"line":120,"column":4},"end":{"line":122,"column":null}},"type":"if","locations":[{"start":{"line":120,"column":4},"end":{"line":122,"column":null}},{"start":{},"end":{}}],"line":120},"2":{"loc":{"start":{"line":128,"column":4},"end":{"line":130,"column":26}},"type":"cond-expr","locations":[{"start":{"line":129,"column":8},"end":{"line":129,"column":null}},{"start":{"line":130,"column":8},"end":{"line":130,"column":26}}],"line":128},"3":{"loc":{"start":{"line":192,"column":4},"end":{"line":196,"column":null}},"type":"if","locations":[{"start":{"line":192,"column":4},"end":{"line":196,"column":null}},{"start":{},"end":{}}],"line":192},"4":{"loc":{"start":{"line":245,"column":2},"end":{"line":247,"column":null}},"type":"if","locations":[{"start":{"line":245,"column":2},"end":{"line":247,"column":null}},{"start":{},"end":{}}],"line":245},"5":{"loc":{"start":{"line":261,"column":2},"end":{"line":267,"column":null}},"type":"if","locations":[{"start":{"line":261,"column":2},"end":{"line":267,"column":null}},{"start":{},"end":{}}],"line":261},"6":{"loc":{"start":{"line":261,"column":6},"end":{"line":261,"column":62}},"type":"binary-expr","locations":[{"start":{"line":261,"column":6},"end":{"line":261,"column":23}},{"start":{"line":261,"column":27},"end":{"line":261,"column":62}}],"line":261},"7":{"loc":{"start":{"line":305,"column":6},"end":{"line":307,"column":51}},"type":"cond-expr","locations":[{"start":{"line":306,"column":10},"end":{"line":306,"column":null}},{"start":{"line":307,"column":10},"end":{"line":307,"column":51}}],"line":305},"8":{"loc":{"start":{"line":311,"column":4},"end":{"line":313,"column":null}},"type":"if","locations":[{"start":{"line":311,"column":4},"end":{"line":313,"column":null}},{"start":{},"end":{}}],"line":311},"9":{"loc":{"start":{"line":317,"column":20},"end":{"line":317,"column":40}},"type":"binary-expr","locations":[{"start":{"line":317,"column":20},"end":{"line":317,"column":34}},{"start":{"line":317,"column":38},"end":{"line":317,"column":40}}],"line":317},"10":{"loc":{"start":{"line":320,"column":6},"end":{"line":321,"column":16}},"type":"binary-expr","locations":[{"start":{"line":320,"column":6},"end":{"line":320,"column":73}},{"start":{"line":321,"column":6},"end":{"line":321,"column":16}}],"line":320},"11":{"loc":{"start":{"line":324,"column":6},"end":{"line":325,"column":16}},"type":"binary-expr","locations":[{"start":{"line":324,"column":6},"end":{"line":324,"column":71}},{"start":{"line":325,"column":6},"end":{"line":325,"column":16}}],"line":324},"12":{"loc":{"start":{"line":328,"column":23},"end":{"line":328,"column":47}},"type":"binary-expr","locations":[{"start":{"line":328,"column":23},"end":{"line":328,"column":41}},{"start":{"line":328,"column":45},"end":{"line":328,"column":47}}],"line":328},"13":{"loc":{"start":{"line":330,"column":47},"end":{"line":330,"column":76}},"type":"binary-expr","locations":[{"start":{"line":330,"column":47},"end":{"line":330,"column":71}},{"start":{"line":330,"column":75},"end":{"line":330,"column":76}}],"line":330},"14":{"loc":{"start":{"line":334,"column":23},"end":{"line":334,"column":47}},"type":"binary-expr","locations":[{"start":{"line":334,"column":23},"end":{"line":334,"column":41}},{"start":{"line":334,"column":45},"end":{"line":334,"column":47}}],"line":334},"15":{"loc":{"start":{"line":336,"column":29},"end":{"line":336,"column":57}},"type":"binary-expr","locations":[{"start":{"line":336,"column":29},"end":{"line":336,"column":52}},{"start":{"line":336,"column":56},"end":{"line":336,"column":57}}],"line":336},"16":{"loc":{"start":{"line":340,"column":28},"end":{"line":340,"column":69}},"type":"binary-expr","locations":[{"start":{"line":340,"column":28},"end":{"line":340,"column":49}},{"start":{"line":340,"column":53},"end":{"line":340,"column":69}}],"line":340},"17":{"loc":{"start":{"line":341,"column":23},"end":{"line":343,"column":47}},"type":"cond-expr","locations":[{"start":{"line":342,"column":8},"end":{"line":342,"column":null}},{"start":{"line":343,"column":8},"end":{"line":343,"column":47}}],"line":341},"18":{"loc":{"start":{"line":386,"column":4},"end":{"line":386,"column":73}},"type":"binary-expr","locations":[{"start":{"line":386,"column":4},"end":{"line":386,"column":27}},{"start":{"line":386,"column":31},"end":{"line":386,"column":41}},{"start":{"line":386,"column":45},"end":{"line":386,"column":73}}],"line":386},"19":{"loc":{"start":{"line":387,"column":9},"end":{"line":387,"column":47}},"type":"cond-expr","locations":[{"start":{"line":387,"column":22},"end":{"line":387,"column":28}},{"start":{"line":387,"column":31},"end":{"line":387,"column":47}}],"line":387},"20":{"loc":{"start":{"line":407,"column":23},"end":{"line":407,"column":65}},"type":"cond-expr","locations":[{"start":{"line":407,"column":41},"end":{"line":407,"column":43}},{"start":{"line":407,"column":46},"end":{"line":407,"column":65}}],"line":407},"21":{"loc":{"start":{"line":417,"column":2},"end":{"line":417,"column":null}},"type":"if","locations":[{"start":{"line":417,"column":2},"end":{"line":417,"column":null}},{"start":{},"end":{}}],"line":417},"22":{"loc":{"start":{"line":448,"column":2},"end":{"line":450,"column":null}},"type":"if","locations":[{"start":{"line":448,"column":2},"end":{"line":450,"column":null}},{"start":{},"end":{}}],"line":448},"23":{"loc":{"start":{"line":448,"column":6},"end":{"line":448,"column":72}},"type":"binary-expr","locations":[{"start":{"line":448,"column":6},"end":{"line":448,"column":38}},{"start":{"line":448,"column":42},"end":{"li
[...]
1342,"197":26,"198":26,"199":26,"200":1057,"201":1057,"202":1057,"203":1057,"204":1057,"205":1050,"206":1057,"207":1049,"208":18,"209":7,"210":18,"211":18,"212":33,"213":33,"214":5,"215":13,"216":1,"217":12,"218":9,"219":9,"220":9,"221":9,"222":27,"223":26,"224":26,"225":27,"226":33},"f":{"0":2460,"1":1619,"2":3190,"3":41,"4":42,"5":1073,"6":1065,"7":752,"8":759,"9":750,"10":8,"11":8,"12":8,"13":17,"14":16,"15":1078,"16":14,"17":1067,"18":1067,"19":1062,"20":1062,"21":14,"22":5,"23":9,"24":33,"25":33,"26":29},"b":{"0":[103,2357],"1":[3,100],"2":[144,2213],"3":[41,1475],"4":[7,34],"5":[12,22],"6":[34,21],"7":[1063,2],"8":[2,1063],"9":[1063,2],"10":[1065,314],"11":[1065,1054],"12":[1065,315],"13":[750,2],"14":[1065,1053],"15":[8,0],"16":[1065,8],"17":[7,1056],"18":[17,15,5],"19":[3,14],"20":[5,11],"21":[5,11],"22":[2,1076],"23":[1078,1077],"24":[1062,18],"25":[4,14],"26":[14,6,4],"27":[3,1081],"28":[8,3],"29":[6,2],"30":[1051,11],"31":[6,5],"32":[1,13],"33":[11,2],"34":[2,2],"35":[2,7],"36":[9,7],"37":[2,1],"38":[1,6],"39":[7,5],"40":[1,5],"41":[6,4],"42":[3,2],"43":[5,3],"44":[33],"45":[4,29],"46":[2,27],"47":[26,7],"48":[9,17],"49":[1050,1],"50":[7,11],"51":[17,1],"52":[5,13],"53":[33,7,6],"54":[1,12],"55":[13,2],"56":[8,4],"57":[9,2,1],"58":[9,2,1],"59":[26,1]},"meta":{"lastBranch":60,"lastFunction":27,"lastStatement":227,"seen":{"s:21:35:21:55":0,"s:24:26:24:28":1,"s:27:25:27:35":2,"s:33:34:33:35":3,"s:36:26:36:34":4,"s:39:29:39:33":5,"s:42:32:42:36":6,"s:48:34:48:40":7,"s:51:37:51:64":8,"s:54:34:54:53":9,"s:57:33:57:51":10,"s:60:27:60:48":11,"s:64:2:64:68":12,"s:67:30:67:59":13,"s:68:34:68:61":14,"s:74:38:74:39":15,"s:77:22:77:26":16,"s:80:26:80:29":17,"s:81:31:81:34":18,"s:82:30:82:33":19,"s:83:30:83:33":20,"s:88:31:88:46":21,"s:91:36:91:50":22,"s:94:39:94:56":23,"s:97:34:97:46":24,"s:100:37:100:52":25,"f:118:16:118:30":0,"b:119:2:125:Infinity:undefined:undefined:undefined:undefined":0,"s:119:2:125:Infinity":26,"b:120:4:122:Infinity:undefined:undefined:undefined:undefined":1,"s:120:4:122:Infinity":27,"s:121:6:121:Infinity":28,"s:123:31:123:62":29,"s:124:4:124:Infinity":30,"s:128:4:130:26":31,"b:129:8:129:Infinity:130:8:130:26":2,"s:131:2:131:Infinity":32,"s:132:2:132:Infinity":33,"f:146:16:146:24":1,"s:147:12:147:36":34,"s:148:2:148:Infinity":35,"s:149:2:149:Infinity":36,"s:150:2:150:Infinity":37,"f:161:16:161:32":2,"s:162:12:162:24":38,"s:163:12:163:27":39,"s:164:13:164:54":40,"s:165:13:165:49":41,"s:166:2:166:Infinity":42,"f:182:16:182:28":3,"s:183:18:183:53":43,"s:184:15:184:38":44,"s:185:17:185:19":45,"s:187:2:200:Infinity":46,"s:188:21:188:37":47,"s:189:23:189:52":48,"s:190:25:190:45":49,"b:192:4:196:Infinity:undefined:undefined:undefined:undefined":3,"s:192:4:196:Infinity":50,"s:194:6:194:Infinity":51,"s:195:6:195:Infinity":52,"s:198:4:198:Infinity":53,"s:199:4:199:Infinity":54,"s:202:2:202:Infinity":55,"f:229:22:229:43":4,"s:230:19:230:64":56,"s:231:16:231:65":57,"s:233:25:233:30":58,"s:234:2:240:Infinity":59,"s:235:20:235:64":60,"s:236:4:236:Infinity":61,"s:239:4:239:Infinity":62,"s:242:17:242:63":63,"s:243:17:243:62":64,"b:245:2:247:Infinity:undefined:undefined:undefined:undefined":4,"s:245:2:247:Infinity":65,"s:246:4:246:Infinity":66,"s:249:18:258:3":67,"s:260:25:260:52":68,"b:261:2:267:Infinity:undefined:undefined:undefined:undefined":5,"s:261:2:267:Infinity":69,"b:261:6:261:23:261:27:261:62":6,"s:262:4:266:Infinity":70,"s:269:2:269:Infinity":71,"f:301:16:301:33":5,"s:302:2:355:Infinity":72,"f:302:25:302:26":6,"s:305:6:307:51":73,"b:306:10:306:Infinity:307:10:307:51":7,"b:311:4:313:Infinity:undefined:undefined:undefined:undefined":8,"s:311:4:313:Infinity":74,"s:312:6:312:Infinity":75,"s:314:17:314:41":76,"s:317:20:317:40":77,"b:317:20:317:34:317:38:317:40":9,"s:320:6:321:16":78,"b:320:6:320:73:321:6:321:16":10,"f:320:19:320:20":7,"s:320:27:320:72":79,"s:324:6:325:16":80,"b:324:6:324:71:325:6:325:16":11,"f:324:19:324:20":8,"s:324:27:324:70":81,"s:328:23:328:47":82,"b:328:23:328:41:328:45:328:47":12,"s:329:18:331:5":83,"f:330:24:330:25":9,"s:330:40:330:77":84,"b:330:47:330:71:330:75:330:76":13,"s:334:23:334:47":85,"b:334:23:334:41:334:45:334:47":14,"s:335:19:338:5":86,"f:336:6:336:7":10,"s:336:22:336:58":87,"b:336:29:336:52:336:56:336:57":15,"s:340:28:340:69":88,"b:340:28:340:49:340:53:340:69":16,"s:341:23:343:47":89,"b:342:8:342:Infinity:343:8:343:47":17,"s:345:4:354:Infinity":90,"f:367:16:367:22":11,"s:368:2:368:Infinity":91,"f:368:21:368:22":12,"s:368:34:368:57":92,"f:383:16:383:33":13,"s:384:17:384:51":93,"s:386:4:386:73":94,"b:386:4:386:27:386:31:386:41:386:45:386:73":18,"s:387:2:387:Infinity":95,"b:387:22:387:28:387:31:387:47":19,"f:406:16:406:28":14,"s:407:23:407:65":96,"b:407:41:407:43:407:46:407:65":20,"s:408:16:410:3":97,"s:411:2:411:Infinity":98,"s:412:2:412:Infinity":99,"s:413:2:413:Infinity":100,"s:414:2:414:Infinity":101,"s:415:2:415:Infinity":102,"s:416:2:416:Infinity":103,"b:417:2:417:Infinity:undefined:undefined:undefined:undefined":21,"s:417:2:417:Infinity":104,"s:417:27:417:Infinity":105,"s:418:2:418:Infinity":106,"f:447:22:447:33":15,"b:448:2:450:Infinity:undefined:undefined:undefined:undefined":22,"s:448:2:450:Infinity":107,"b:448:6:448:38:448:42:448:72":23,"s:449:4:449:Infinity":108,"s:452:15:460:4":109,"s:462:15:463:62":110,"f:462:15:462:16":16,"s:463:4:463:62":111,"s:465:19:465:23":112,"s:467:2:508:Infinity":113,"s:467:21:467:22":114,"s:469:4:481:Infinity":115,"s:470:6:478:Infinity":116,"s:480:6:480:Infinity":117,"b:483:4:483:Infinity:undefined:undefined:undefined:undefined":24,"s:483:4:483:Infinity":118,"s:483:21:483:Infinity":119,"s:485:4:485:Infinity":120,"b:487:4:489:Infinity:undefined:undefined:undefined:undefined":25,"s:487:4:489:Infinity":121,"s:488:6:488:Infinity":122,"s:492:6:493:82":123,"b:492:6:492:43:493:7:493:42:493:46:493:81":26,"b:494:4:496:Infinity:undefined:undefined:undefined:undefined":27,"s:494:4:496:Infinity":124,"s:495:6:495:Infinity":125,"b:498:4:507:Infinity:undefined:undefined:undefined:undefined":28,"s:498:4:507:Infinity":126,"s:499:21:499:75":127,"s:500:26:500:48":128,"s:501:6:505:Infinity":129,"b:503:12:503:Infinity:504:12:504:Infinity":29,"s:506:6:506:Infinity":130,"s:510:2:510:Infinity":131,"f:544:22:544:34":17,"s:545:2:586:Infinity":132,"f:545:48:545:53":18,"s:546:18:546:44":133,"f:546:30:546:31":19,"s:546:37:546:43":134,"s:547:21:547:58":135,"s:549:22:549:46":136,"s:550:19:583:6":137,"f:550:31:550:32":20,"s:551:18:551:29":138,"b:553:6:561:Infinity:undefined:undefined:undefined:undefined":30,"s:553:6:561:Infinity":139,"s:555:8:560:Infinity":140,"b:563:6:572:Infinity:undefined:undefined:undefined:undefined":31,"s:563:6:572:Infinity":141,"s:566:8:571:Infinity":142,"s:575:6:582:Infinity":143,"s:585:4:585:Infinity":144,"f:603:22:603:44":21,"s:604:2:612:Infinity":145,"s:605:19:605:65":146,"b:606:4:606:Infinity:undefined:undefined:undefined:undefined":32,"s:606:4:606:Infinity":147,"s:606:17:606:Infinity":148,"b:607:4:609:Infinity:undefined:undefined:undefined:undefined":33,"s:607:4:609:Infinity":149,"s:608:6:608:Infinity":150,"s:611:4:611:Infinity":151,"f:627:22:627:44":22,"s:628:2:635:Infinity":152,"s:629:19:629:65":153,"b:630:4:630:Infinity:undefined:undefined:undefined:undefined":34,"s:630:4:630:Infinity":154,"s:630:17:630:Infinity":155,"s:631:4:631:Infinity":156,"s:633:4:633:Infinity":157,"s:634:4:634:Infinity":158,"f:655:22:655:45":23,"b:656:2:659:Infinity:undefined:undefined:undefined:undefined":35,"s:656:2:659:Infinity":159,"b:656:6:656:36:656:40:656:75":36,"s:657:24:657:77":160,"b:657:25:657:57:657:62:657:77":37,"s:658:4:658:Infinity":161,"s:661:13:661:34":162,"s:662:17:662:75":163,"b:664:2:666:Infinity:undefined:undefined:undefined:undefined":38,"s:664:2:666:Infinity":164,"b:664:6:664:36:664:40:664:78":39,"s:665:4:665:Infinity":165,"b:667:2:669:Infinity:undefined:undefined:undefined:undefined":40,"s:667:2:669:Infinity":166,"b:667:6:667:36:667:40:667:73":41,"s:668:4:668:Infinity":167,"b:670:2:672:Infinity:undefined:undefined:undefined:undefined":42,"s:670:2:672:Infinity":168,"b:670:6:670:36:670:40:670:76":43,"s:671:4:671:Infinity":169,"s:677:2:677:Infinity":170,"f:696:16:696:30":24,"b:696:57:696:65":44,"s:698:18:698:23":171,"f:717:17:717:21":25,"s:719:18:719:39":172,"b:720:4:723:Infinity:undefined:undefined:undefined:undefined":45,"s:720:4:723:Infinity":173,"s:721:6:721:Infinity":174,"s:722:6:722:Infinity":175,"b:726:4:726:Infinity:undefined:undefined:undefined:undefined":46,"s:726:4:726:Infinity":176,"s:726:19:726:Infinity":177,"s:729:4:729:Infinity":178,"s:730:20:730:53":179,"b:731:4:734:Infinity:undefined:undefined:undefined:undefined":47,"s:731:4:734:Infinity":180,"s:732:6:732:Infinity":181,"s:733:6:733:Infinity":182,"s:738:24:738:25":183,"s:739:20:739:24":184,"s:741:4:825:Infinity":185,"s:743:22:743:53":186,"s:744:26:744:77":187,"f:744:39:744:40":26,"s:744:46:744:76":188,"b:746:6:750:Infinity:undefined:undefined:undefined:undefined":48,"s:746:6:750:Infinity":189,"s:747:8:749:Infinity":190,"s:753:21:753:23":191,"s:754:21:754:22":192,"s:755:6:760:Infinity":193,"s:756:8:756:Infinity":194,"s:757:8:759:Infinity":195,"s:758:10:758:Infinity":196,"s:761:20:761:33":197,"s:764:6:776:Infinity":198,"s:764:19:764:20":199,"s:765:22:765:31":200,"s:766:22:766:27":201,"s:767:8:767:Infinity":202,"s:768:8:770:Infinity":203,"s:772:20:772:87":204,"s:773:24:773:59":205,"b:773:42:773:52:773:56:773:58":49,"s:774:8:774:Infinity":206,"s:775:8:775:Infinity":207,"b:779:6:781:Infinity:undefined:undefined:undefined:undefined":50,"s:779:6:781:Infinity":208,"s:780:8:780:Infinity":209,"s:784:24:784:70":210,"s:785:23:787:14":211,"b:786:10:786:Infinity:787:10:787:14":51,"s:788:23:788:68":212,"b:790:6:802:Infinity:794:13:802:Infinity":52,"s:790:6:802:Infinity":213,"b:790:10:790:21:790:25:790:41:790:45:790:65":53,"s:791:8:793:Infinity":214,"b:794:13:802:Infinity:798:13:802:Infinity":54,"s:794:13:802:Infinity":215,"b:794:17:794:28:794:32:794:48":55,"s:795:8:797:Infinity":216,"s:799:8:801:Infinity":217,"b:800:70:800:72:800:75:800:78":56,"s:809:6:809:Infinity":218,"s:813:16:813:52":219,"b:813:16:813:27:813:31:813:47:813:51:813:52":57,"s:814:20:814:56":220,"b:814:20:814:31:814:35:814:51:814:55:814:56":58,"s:816:6:816:Infinity":221,"b:820:6:823:Infinity:undefined:undefined:undefined:undefined":59,"s:820:6:823:Infinity":222,"s:821:8:821:Infinity":223,"s:822:8:822:Infinity":224,"s:824:6:824:Infinity":225,"s:828:2:828:Infinity":226},"fnNames":{}}}
,"/Users/piyush.bhargava/Work/Experiments/step-tracker/src/storage.js": {"path":"/Users/piyush.bhargava/Work/Experiments/step-tracker/src/storage.js","statementMap":{"0":{"start":{"line":9,"column":2},"end":{"line":26,"column":null}},"1":{"start":{"line":11,"column":4},"end":{"line":14,"column":null}},"2":{"start":{"line":12,"column":6},"end":{"line":12,"column":null}},"3":{"start":{"line":13,"column":6},"end":{"line":13,"column":null}},"4":{"start":{"line":16,"column":15},"end":{"line":16,"column":42}},"5":{"start":{"line":18,"column":4},"end":{"line":22,"column":null}},"6":{"start":{"line":19,"column":6},"end":{"line":19,"column":null}},"7":{"start":{"line":21,"column":6},"end":{"line":21,"column":null}},"8":{"start":{"line":24,"column":4},"end":{"line":24,"column":null}},"9":{"start":{"line":25,"column":4},"end":{"line":25,"column":null}}},"fnMap":{"0":{"name":"requestPersistentStorage","decl":{"start":{"line":8,"column":22},"end":{"line":8,"column":46}},"loc":{"start":{"line":8,"column":74},"end":{"line":27,"column":null}},"line":8}},"branchMap":{"0":{"loc":{"start":{"line":8,"column":57},"end":{"line":8,"column":72}},"type":"default-arg","locations":[{"start":{"line":8,"column":63},"end":{"line":8,"column":72}}],"line":8},"1":{"loc":{"start":{"line":11,"column":4},"end":{"line":14,"column":null}},"type":"if","locations":[{"start":{"line":11,"column":4},"end":{"line":14,"column":null}},{"start":{},"end":{}}],"line":11},"2":{"loc":{"start":{"line":18,"column":4},"end":{"line":22,"column":null}},"type":"if","locations":[{"start":{"line":18,"column":4},"end":{"line":22,"column":null}},{"start":{"line":20,"column":11},"end":{"line":22,"column":null}}],"line":18}},"s":{"0":7,"1":7,"2":3,"3":3,"4":4,"5":3,"6":2,"7":1,"8":1,"9":1},"f":{"0":7},"b":{"0":[7],"1":[3,4],"2":[2,1]},"meta":{"lastBranch":3,"lastFunction":1,"lastStatement":10,"seen":{"f:8:22:8:46":0,"b:8:63:8:72":0,"s:9:2:26:Infinity":0,"b:11:4:14:Infinity:undefined:undefined:undefined:undefined":1,"s:11:4:14:Infinity":1,"s:12:6:12:Infinity":2,"s:13:6:13:Infinity":3,"s:16:15:16:42":4,"b:18:4:22:Infinity:20:11:22:Infinity":2,"s:18:4:22:Infinity":5,"s:19:6:19:Infinity":6,"s:21:6:21:Infinity":7,"s:24:4:24:Infinity":8,"s:25:4:25:Infinity":9},"fnNames":{}}}
,"/Users/piyush.bhargava/Work/Experiments/step-tracker/src/tabs.js": {"path":"/Users/piyush.bhargava/Work/Experiments/step-tracker/src/tabs.js","statementMap":{"0":{"start":{"line":15,"column":17},"end":{"line":15,"column":53}},"1":{"start":{"line":16,"column":2},"end":{"line":16,"column":null}},"2":{"start":{"line":16,"column":28},"end":{"line":16,"column":57}},"3":{"start":{"line":17,"column":17},"end":{"line":17,"column":53}},"4":{"start":{"line":18,"column":2},"end":{"line":18,"column":null}},"5":{"start":{"line":18,"column":14},"end":{"line":18,"column":null}},"6":{"start":{"line":31,"column":2},"end":{"line":31,"column":null}},"7":{"start":{"line":31,"column":24},"end":{"line":31,"column":null}},"8":{"start":{"line":32,"column":21},"end":{"line":32,"column":42}},"9":{"start":{"line":33,"column":2},"end":{"line":33,"column":null}},"10":{"start":{"line":35,"column":2},"end":{"line":38,"column":null}},"11":{"start":{"line":36,"column":20},"end":{"line":36,"column":67}},"12":{"start":{"line":37,"column":4},"end":{"line":37,"column":null}},"13":{"start":{"line":37,"column":17},"end":{"line":37,"column":null}}},"fnMap":{"0":{"name":"switchTab","decl":{"start":{"line":14,"column":16},"end":{"line":14,"column":25}},"loc":{"start":{"line":14,"column":51},"end":{"line":19,"column":null}},"line":14},"1":{"name":"(anonymous_1)","decl":{"start":{"line":16,"column":17},"end":{"line":16,"column":22}},"loc":{"start":{"line":16,"column":26},"end":{"line":16,"column":59}},"line":16},"2":{"name":"initTabs","decl":{"start":{"line":29,"column":16},"end":{"line":29,"column":24}},"loc":{"start":{"line":29,"column":48},"end":{"line":39,"column":null}},"line":29},"3":{"name":"(anonymous_3)","decl":{"start":{"line":35,"column":34},"end":{"line":35,"column":35}},"loc":{"start":{"line":35,"column":45},"end":{"line":38,"column":3}},"line":35}},"branchMap":{"0":{"loc":{"start":{"line":14,"column":35},"end":{"line":14,"column":49}},"type":"default-arg","locations":[{"start":{"line":14,"column":41},"end":{"line":14,"column":49}}],"line":14},"1":{"loc":{"start":{"line":18,"column":2},"end":{"line":18,"column":null}},"type":"if","locations":[{"start":{"line":18,"column":2},"end":{"line":18,"column":null}},{"start":{},"end":{}}],"line":18},"2":{"loc":{"start":{"line":29,"column":32},"end":{"line":29,"column":46}},"type":"default-arg","locations":[{"start":{"line":29,"column":38},"end":{"line":29,"column":46}}],"line":29},"3":{"loc":{"start":{"line":31,"column":2},"end":{"line":31,"column":null}},"type":"if","locations":[{"start":{"line":31,"column":2},"end":{"line":31,"column":null}},{"start":{},"end":{}}],"line":31},"4":{"loc":{"start":{"line":37,"column":4},"end":{"line":37,"column":null}},"type":"if","locations":[{"start":{"line":37,"column":4},"end":{"line":37,"column":null}},{"start":{},"end":{}}],"line":37}},"s":{"0":10,"1":10,"2":40,"3":10,"4":10,"5":10,"6":5,"7":1,"8":5,"9":5,"10":5,"11":4,"12":4,"13":3},"f":{"0":10,"1":40,"2":5,"3":4},"b":{"0":[10],"1":[10,0],"2":[5],"3":[1,4],"4":[3,1]},"meta":{"lastBranch":5,"lastFunction":4,"lastStatement":14,"seen":{"f:14:16:14:25":0,"b:14:41:14:49":0,"s:15:17:15:53":0,"s:16:2:16:Infinity":1,"f:16:17:16:22":1,"s:16:28:16:57":2,"s:17:17:17:53":3,"b:18:2:18:Infinity:undefined:undefined:undefined:undefined":1,"s:18:2:18:Infinity":4,"s:18:14:18:Infinity":5,"f:29:16:29:24":2,"b:29:38:29:46":2,"b:31:2:31:Infinity:undefined:undefined:undefined:undefined":3,"s:31:2:31:Infinity":6,"s:31:24:31:Infinity":7,"s:32:21:32:42":8,"s:33:2:33:Infinity":9,"s:35:2:38:Infinity":10,"f:35:34:35:35":3,"s:36:20:36:67":11,"b:37:4:37:Infinity:undefined:undefined:undefined:undefined":4,"s:37:4:37:Infinity":12,"s:37:17:37:Infinity":13},"fnNames":{}}}
,"/Users/piyush.bhargava/Work/Experiments/step-tracker/src/ui-status.js": {"path":"/Users/piyush.bhargava/Work/Experiments/step-tracker/src/ui-status.js","statementMap":{"0":{"start":{"line":10,"column":2},"end":{"line":49,"column":null}},"1":{"start":{"line":16,"column":22},"end":{"line":16,"column":53}},"2":{"start":{"line":17,"column":6},"end":{"line":20,"column":null}},"3":{"start":{"line":18,"column":8},"end":{"line":18,"column":null}},"4":{"start":{"line":19,"column":8},"end":{"line":19,"column":null}},"5":{"start":{"line":21,"column":6},"end":{"line":21,"column":null}},"6":{"start":{"line":29,"column":22},"end":{"line":29,"column":55}},"7":{"start":{"line":30,"column":6},"end":{"line":33,"column":null}},"8":{"start":{"line":31,"column":8},"end":{"line":31,"column":null}},"9":{"start":{"line":32,"column":8},"end":{"line":32,"column":null}},"10":{"start":{"line":34,"column":6},"end":{"line":34,"column":null}},"11":{"start":{"line":42,"column":22},"end":{"line":42,"column":55}},"12":{"start":{"line":43,"column":6},"end":{"line":46,"column":null}},"13":{"start":{"line":44,"column":8},"end":{"line":44,"column":null}},"14":{"start":{"line":45,"column":8},"end":{"line":45,"column":null}},"15":{"start":{"line":47,"column":6},"end":{"line":47,"column":null}}},"fnMap":{"0":{"name":"createStatusReporter","decl":{"start":{"line":9,"column":16},"end":{"line":9,"column":36}},"loc":{"start":{"line":9,"column":53},"end":{"line":50,"column":null}},"line":9},"1":{"name":"db","decl":{"start":{"line":15,"column":4},"end":{"line":15,"column":6}},"loc":{"start":{"line":15,"column":13},"end":{"line":22,"column":5}},"line":15},"2":{"name":"auth","decl":{"start":{"line":28,"column":4},"end":{"line":28,"column":8}},"loc":{"start":{"line":28,"column":15},"end":{"line":35,"column":5}},"line":28},"3":{"name":"sync","decl":{"start":{"line":41,"column":4},"end":{"line":41,"column":8}},"loc":{"start":{"line":41,"column":15},"end":{"line":48,"column":null}},"line":41}},"branchMap":{"0":{"loc":{"start":{"line":9,"column":37},"end":{"line":9,"column":51}},"type":"default-arg","locations":[{"start":{"line":9,"column":43},"end":{"line":9,"column":51}}],"line":9},"1":{"loc":{"start":{"line":17,"column":6},"end":{"line":20,"column":null}},"type":"if","locations":[{"start":{"line":17,"column":6},"end":{"line":20,"column":null}},{"start":{},"end":{}}],"line":17},"2":{"loc":{"start":{"line":30,"column":6},"end":{"line":33,"column":null}},"type":"if","locations":[{"start":{"line":30,"column":6},"end":{"line":33,"column":null}},{"start":{},"end":{}}],"line":30},"3":{"loc":{"start":{"line":43,"column":6},"end":{"line":46,"column":null}},"type":"if","locations":[{"start":{"line":43,"column":6},"end":{"line":46,"column":null}},{"start":{},"end":{}}],"line":43}},"s":{"0":14,"1":6,"2":6,"3":2,"4":2,"5":4,"6":6,"7":6,"8":2,"9":2,"10":4,"11":6,"12":6,"13":2,"14":2,"15":4},"f":{"0":14,"1":6,"2":6,"3":6},"b":{"0":[14],"1":[2,4],"2":[2,4],"3":[2,4]},"meta":{"lastBranch":4,"lastFunction":4,"lastStatement":16,"seen":{"f:9:16:9:36":0,"b:9:43:9:51":0,"s:10:2:49:Infinity":0,"f:15:4:15:6":1,"s:16:22:16:53":1,"b:17:6:20:Infinity:undefined:undefined:undefined:undefined":1,"s:17:6:20:Infinity":2,"s:18:8:18:Infinity":3,"s:19:8:19:Infinity":4,"s:21:6:21:Infinity":5,"f:28:4:28:8":2,"s:29:22:29:55":6,"b:30:6:33:Infinity:undefined:undefined:undefined:undefined":2,"s:30:6:33:Infinity":7,"s:31:8:31:Infinity":8,"s:32:8:32:Infinity":9,"s:34:6:34:Infinity":10,"f:41:4:41:8":3,"s:42:22:42:55":11,"b:43:6:46:Infinity:undefined:undefined:undefined:undefined":3,"s:43:6:46:Infinity":12,"s:44:8:44:Infinity":13,"s:45:8:45:Infinity":14,"s:47:6:47:Infinity":15},"fnNames":{}}}
}
